{"/Users/romulo.bordezani/workspace/swapi-client/custom.d.ts": {"path":"/Users/romulo.bordezani/workspace/swapi-client/custom.d.ts","statementMap":{},"fnMap":{},"branchMap":{},"s":{},"f":{},"b":{}}
,"/Users/romulo.bordezani/workspace/swapi-client/packages/design-system/src/App.tsx": {"path":"/Users/romulo.bordezani/workspace/swapi-client/packages/design-system/src/App.tsx","statementMap":{"0":{"start":{"line":1,"column":0},"end":{"line":1,"column":45}},"1":{"start":{"line":2,"column":0},"end":{"line":2,"column":49}},"2":{"start":{"line":3,"column":0},"end":{"line":3,"column":41}},"3":{"start":{"line":5,"column":12},"end":{"line":17,"column":1}},"4":{"start":{"line":6,"column":2},"end":{"line":16,"column":4}},"5":{"start":{"line":19,"column":0},"end":{"line":19,"column":19}}},"fnMap":{"0":{"name":"(anonymous_1)","decl":{"start":{"line":5,"column":12},"end":{"line":5,"column":15}},"loc":{"start":{"line":5,"column":17},"end":{"line":17,"column":1}}}},"branchMap":{},"s":{"0":0,"1":0,"2":0,"3":0,"4":0,"5":0},"f":{"0":0},"b":{}}
,"/Users/romulo.bordezani/workspace/swapi-client/packages/design-system/src/bootstrap.tsx": {"path":"/Users/romulo.bordezani/workspace/swapi-client/packages/design-system/src/bootstrap.tsx","statementMap":{"0":{"start":{"line":1,"column":0},"end":{"line":1,"column":26}},"1":{"start":{"line":2,"column":0},"end":{"line":2,"column":46}},"2":{"start":{"line":3,"column":0},"end":{"line":3,"column":24}},"3":{"start":{"line":5,"column":22},"end":{"line":5,"column":88}},"4":{"start":{"line":6,"column":15},"end":{"line":6,"column":40}},"5":{"start":{"line":7,"column":0},"end":{"line":11,"column":2}}},"fnMap":{},"branchMap":{},"s":{"0":0,"1":0,"2":0,"3":0,"4":0,"5":0},"f":{},"b":{}}
,"/Users/romulo.bordezani/workspace/swapi-client/packages/design-system/src/global.style.ts": {"path":"/Users/romulo.bordezani/workspace/swapi-client/packages/design-system/src/global.style.ts","statementMap":{"0":{"start":{"line":1,"column":0},"end":{"line":1,"column":37}},"1":{"start":{"line":2,"column":0},"end":{"line":2,"column":48}},"2":{"start":{"line":4,"column":20},"end":{"line":37,"column":2}},"3":{"start":{"line":39,"column":0},"end":{"line":39,"column":27}}},"fnMap":{},"branchMap":{},"s":{"0":0,"1":0,"2":0,"3":0},"f":{},"b":{}}
,"/Users/romulo.bordezani/workspace/swapi-client/packages/design-system/src/remote.d.ts": {"path":"/Users/romulo.bordezani/workspace/swapi-client/packages/design-system/src/remote.d.ts","statementMap":{},"fnMap":{},"branchMap":{},"s":{},"f":{},"b":{}}
,"/Users/romulo.bordezani/workspace/swapi-client/packages/design-system/src/components/index.ts": {"path":"/Users/romulo.bordezani/workspace/swapi-client/packages/design-system/src/components/index.ts","statementMap":{"0":{"start":{"line":1,"column":0},"end":{"line":1,"column":25}},"1":{"start":{"line":2,"column":0},"end":{"line":2,"column":26}},"2":{"start":{"line":3,"column":0},"end":{"line":3,"column":25}},"3":{"start":{"line":4,"column":0},"end":{"line":4,"column":25}},"4":{"start":{"line":5,"column":0},"end":{"line":5,"column":25}},"5":{"start":{"line":6,"column":0},"end":{"line":6,"column":37}},"6":{"start":{"line":7,"column":0},"end":{"line":7,"column":29}}},"fnMap":{},"branchMap":{},"s":{"0":0,"1":0,"2":0,"3":0,"4":0,"5":0,"6":0},"f":{},"b":{}}
,"/Users/romulo.bordezani/workspace/swapi-client/packages/design-system/src/components/Button/Button.style.ts": {"path":"/Users/romulo.bordezani/workspace/swapi-client/packages/design-system/src/components/Button/Button.style.ts","statementMap":{"0":{"start":{"line":1,"column":0},"end":{"line":1,"column":37}},"1":{"start":{"line":2,"column":0},"end":{"line":2,"column":55}},"2":{"start":{"line":4,"column":20},"end":{"line":32,"column":2}},"3":{"start":{"line":34,"column":0},"end":{"line":34,"column":27}}},"fnMap":{},"branchMap":{},"s":{"0":1,"1":1,"2":1,"3":1},"f":{},"b":{}}
,"/Users/romulo.bordezani/workspace/swapi-client/packages/design-system/src/components/Button/Button.tsx": {"path":"/Users/romulo.bordezani/workspace/swapi-client/packages/design-system/src/components/Button/Button.tsx","statementMap":{"0":{"start":{"line":2,"column":0},"end":{"line":2,"column":41}},"1":{"start":{"line":10,"column":39},"end":{"line":16,"column":1}},"2":{"start":{"line":11,"column":2},"end":{"line":15,"column":4}},"3":{"start":{"line":10,"column":13},"end":{"line":10,"column":39}}},"fnMap":{"0":{"name":"(anonymous_1)","decl":{"start":{"line":10,"column":39},"end":{"line":10,"column":40}},"loc":{"start":{"line":10,"column":72},"end":{"line":16,"column":1}}}},"branchMap":{},"s":{"0":1,"1":1,"2":1,"3":1},"f":{"0":1},"b":{}}
,"/Users/romulo.bordezani/workspace/swapi-client/packages/design-system/src/components/Button/index.ts": {"path":"/Users/romulo.bordezani/workspace/swapi-client/packages/design-system/src/components/Button/index.ts","statementMap":{"0":{"start":{"line":1,"column":0},"end":{"line":1,"column":25}}},"fnMap":{},"branchMap":{},"s":{"0":0},"f":{},"b":{}}
,"/Users/romulo.bordezani/workspace/swapi-client/packages/design-system/src/components/Content/Content.style.ts": {"path":"/Users/romulo.bordezani/workspace/swapi-client/packages/design-system/src/components/Content/Content.style.ts","statementMap":{"0":{"start":{"line":1,"column":0},"end":{"line":1,"column":37}},"1":{"start":{"line":3,"column":13},"end":{"line":19,"column":2}}},"fnMap":{},"branchMap":{},"s":{"0":0,"1":0},"f":{},"b":{}}
,"/Users/romulo.bordezani/workspace/swapi-client/packages/design-system/src/components/Content/Content.tsx": {"path":"/Users/romulo.bordezani/workspace/swapi-client/packages/design-system/src/components/Content/Content.tsx","statementMap":{"0":{"start":{"line":3,"column":0},"end":{"line":3,"column":42}},"1":{"start":{"line":11,"column":41},"end":{"line":26,"column":1}},"2":{"start":{"line":12,"column":2},"end":{"line":25,"column":4}},"3":{"start":{"line":11,"column":13},"end":{"line":11,"column":41}}},"fnMap":{"0":{"name":"(anonymous_0)","decl":{"start":{"line":11,"column":41},"end":{"line":11,"column":42}},"loc":{"start":{"line":11,"column":69},"end":{"line":26,"column":1}}}},"branchMap":{"0":{"loc":{"start":{"line":15,"column":9},"end":{"line":18,"column":null}},"type":"binary-expr","locations":[{"start":{"line":15,"column":9},"end":{"line":15,"column":16}},{"start":{"line":16,"column":10},"end":{"line":17,"column":null}}]}},"s":{"0":0,"1":0,"2":0,"3":0},"f":{"0":0},"b":{"0":[0,0]}}
,"/Users/romulo.bordezani/workspace/swapi-client/packages/design-system/src/components/Content/index.ts": {"path":"/Users/romulo.bordezani/workspace/swapi-client/packages/design-system/src/components/Content/index.ts","statementMap":{"0":{"start":{"line":1,"column":0},"end":{"line":1,"column":26}}},"fnMap":{},"branchMap":{},"s":{"0":0},"f":{},"b":{}}
,"/Users/romulo.bordezani/workspace/swapi-client/packages/design-system/src/components/Footer/Footer.style.ts": {"path":"/Users/romulo.bordezani/workspace/swapi-client/packages/design-system/src/components/Footer/Footer.style.ts","statementMap":{"0":{"start":{"line":1,"column":0},"end":{"line":1,"column":37}},"1":{"start":{"line":3,"column":13},"end":{"line":19,"column":2}}},"fnMap":{},"branchMap":{},"s":{"0":1,"1":1},"f":{},"b":{}}
,"/Users/romulo.bordezani/workspace/swapi-client/packages/design-system/src/components/Footer/Footer.tsx": {"path":"/Users/romulo.bordezani/workspace/swapi-client/packages/design-system/src/components/Footer/Footer.tsx","statementMap":{"0":{"start":{"line":2,"column":0},"end":{"line":2,"column":40}},"1":{"start":{"line":4,"column":26},"end":{"line":14,"column":1}},"2":{"start":{"line":5,"column":2},"end":{"line":13,"column":4}},"3":{"start":{"line":4,"column":13},"end":{"line":4,"column":26}}},"fnMap":{"0":{"name":"(anonymous_0)","decl":{"start":{"line":4,"column":26},"end":{"line":4,"column":29}},"loc":{"start":{"line":4,"column":31},"end":{"line":14,"column":1}}}},"branchMap":{},"s":{"0":1,"1":1,"2":1,"3":1},"f":{"0":1},"b":{}}
,"/Users/romulo.bordezani/workspace/swapi-client/packages/design-system/src/components/Footer/index.ts": {"path":"/Users/romulo.bordezani/workspace/swapi-client/packages/design-system/src/components/Footer/index.ts","statementMap":{"0":{"start":{"line":1,"column":0},"end":{"line":1,"column":25}}},"fnMap":{},"branchMap":{},"s":{"0":0},"f":{},"b":{}}
,"/Users/romulo.bordezani/workspace/swapi-client/packages/design-system/src/components/Header/Header.style.ts": {"path":"/Users/romulo.bordezani/workspace/swapi-client/packages/design-system/src/components/Header/Header.style.ts","statementMap":{"0":{"start":{"line":1,"column":0},"end":{"line":1,"column":37}},"1":{"start":{"line":2,"column":0},"end":{"line":2,"column":63}},"2":{"start":{"line":3,"column":0},"end":{"line":3,"column":67}},"3":{"start":{"line":5,"column":13},"end":{"line":18,"column":2}},"4":{"start":{"line":20,"column":13},"end":{"line":32,"column":2}},"5":{"start":{"line":34,"column":13},"end":{"line":39,"column":2}},"6":{"start":{"line":41,"column":13},"end":{"line":49,"column":2}},"7":{"start":{"line":51,"column":13},"end":{"line":91,"column":2}}},"fnMap":{},"branchMap":{},"s":{"0":0,"1":0,"2":0,"3":0,"4":0,"5":0,"6":0,"7":0},"f":{},"b":{}}
,"/Users/romulo.bordezani/workspace/swapi-client/packages/design-system/src/components/Header/Header.tsx": {"path":"/Users/romulo.bordezani/workspace/swapi-client/packages/design-system/src/components/Header/Header.tsx","statementMap":{"0":{"start":{"line":2,"column":0},"end":{"line":2,"column":49}},"1":{"start":{"line":3,"column":0},"end":{"line":3,"column":50}},"2":{"start":{"line":4,"column":0},"end":{"line":4,"column":107}},"3":{"start":{"line":6,"column":0},"end":{"line":6,"column":59}},"4":{"start":{"line":7,"column":0},"end":{"line":7,"column":97}},"5":{"start":{"line":9,"column":26},"end":{"line":82,"column":null}},"6":{"start":{"line":10,"column":2},"end":{"line":81,"column":null}},"7":{"start":{"line":21,"column":67},"end":{"line":21,"column":115}},"8":{"start":{"line":29,"column":53},"end":{"line":29,"column":101}},"9":{"start":{"line":38,"column":53},"end":{"line":38,"column":101}},"10":{"start":{"line":47,"column":53},"end":{"line":47,"column":101}},"11":{"start":{"line":56,"column":53},"end":{"line":56,"column":101}},"12":{"start":{"line":65,"column":53},"end":{"line":65,"column":101}},"13":{"start":{"line":74,"column":53},"end":{"line":74,"column":101}},"14":{"start":{"line":9,"column":13},"end":{"line":9,"column":26}},"15":{"start":{"line":85,"column":0},"end":{"line":85,"column":22}}},"fnMap":{"0":{"name":"(anonymous_1)","decl":{"start":{"line":9,"column":26},"end":{"line":9,"column":29}},"loc":{"start":{"line":10,"column":2},"end":{"line":81,"column":null}}},"1":{"name":"(anonymous_2)","decl":{"start":{"line":21,"column":37},"end":{"line":21,"column":38}},"loc":{"start":{"line":21,"column":67},"end":{"line":21,"column":115}}},"2":{"name":"(anonymous_3)","decl":{"start":{"line":29,"column":23},"end":{"line":29,"column":24}},"loc":{"start":{"line":29,"column":53},"end":{"line":29,"column":101}}},"3":{"name":"(anonymous_4)","decl":{"start":{"line":38,"column":23},"end":{"line":38,"column":24}},"loc":{"start":{"line":38,"column":53},"end":{"line":38,"column":101}}},"4":{"name":"(anonymous_5)","decl":{"start":{"line":47,"column":23},"end":{"line":47,"column":24}},"loc":{"start":{"line":47,"column":53},"end":{"line":47,"column":101}}},"5":{"name":"(anonymous_6)","decl":{"start":{"line":56,"column":23},"end":{"line":56,"column":24}},"loc":{"start":{"line":56,"column":53},"end":{"line":56,"column":101}}},"6":{"name":"(anonymous_7)","decl":{"start":{"line":65,"column":23},"end":{"line":65,"column":24}},"loc":{"start":{"line":65,"column":53},"end":{"line":65,"column":101}}},"7":{"name":"(anonymous_8)","decl":{"start":{"line":74,"column":23},"end":{"line":74,"column":24}},"loc":{"start":{"line":74,"column":53},"end":{"line":74,"column":101}}}},"branchMap":{"0":{"loc":{"start":{"line":21,"column":67},"end":{"line":21,"column":115}},"type":"cond-expr","locations":[{"start":{"line":21,"column":79},"end":{"line":21,"column":88}},{"start":{"line":21,"column":91},"end":{"line":21,"column":115}}]},"1":{"loc":{"start":{"line":21,"column":91},"end":{"line":21,"column":115}},"type":"cond-expr","locations":[{"start":{"line":21,"column":102},"end":{"line":21,"column":110}},{"start":{"line":21,"column":113},"end":{"line":21,"column":115}}]},"2":{"loc":{"start":{"line":29,"column":53},"end":{"line":29,"column":101}},"type":"cond-expr","locations":[{"start":{"line":29,"column":65},"end":{"line":29,"column":74}},{"start":{"line":29,"column":77},"end":{"line":29,"column":101}}]},"3":{"loc":{"start":{"line":29,"column":77},"end":{"line":29,"column":101}},"type":"cond-expr","locations":[{"start":{"line":29,"column":88},"end":{"line":29,"column":96}},{"start":{"line":29,"column":99},"end":{"line":29,"column":101}}]},"4":{"loc":{"start":{"line":38,"column":53},"end":{"line":38,"column":101}},"type":"cond-expr","locations":[{"start":{"line":38,"column":65},"end":{"line":38,"column":74}},{"start":{"line":38,"column":77},"end":{"line":38,"column":101}}]},"5":{"loc":{"start":{"line":38,"column":77},"end":{"line":38,"column":101}},"type":"cond-expr","locations":[{"start":{"line":38,"column":88},"end":{"line":38,"column":96}},{"start":{"line":38,"column":99},"end":{"line":38,"column":101}}]},"6":{"loc":{"start":{"line":47,"column":53},"end":{"line":47,"column":101}},"type":"cond-expr","locations":[{"start":{"line":47,"column":65},"end":{"line":47,"column":74}},{"start":{"line":47,"column":77},"end":{"line":47,"column":101}}]},"7":{"loc":{"start":{"line":47,"column":77},"end":{"line":47,"column":101}},"type":"cond-expr","locations":[{"start":{"line":47,"column":88},"end":{"line":47,"column":96}},{"start":{"line":47,"column":99},"end":{"line":47,"column":101}}]},"8":{"loc":{"start":{"line":56,"column":53},"end":{"line":56,"column":101}},"type":"cond-expr","locations":[{"start":{"line":56,"column":65},"end":{"line":56,"column":74}},{"start":{"line":56,"column":77},"end":{"line":56,"column":101}}]},"9":{"loc":{"start":{"line":56,"column":77},"end":{"line":56,"column":101}},"type":"cond-expr","locations":[{"start":{"line":56,"column":88},"end":{"line":56,"column":96}},{"start":{"line":56,"column":99},"end":{"line":56,"column":101}}]},"10":{"loc":{"start":{"line":65,"column":53},"end":{"line":65,"column":101}},"type":"cond-expr","locations":[{"start":{"line":65,"column":65},"end":{"line":65,"column":74}},{"start":{"line":65,"column":77},"end":{"line":65,"column":101}}]},"11":{"loc":{"start":{"line":65,"column":77},"end":{"line":65,"column":101}},"type":"cond-expr","locations":[{"start":{"line":65,"column":88},"end":{"line":65,"column":96}},{"start":{"line":65,"column":99},"end":{"line":65,"column":101}}]},"12":{"loc":{"start":{"line":74,"column":53},"end":{"line":74,"column":101}},"type":"cond-expr","locations":[{"start":{"line":74,"column":65},"end":{"line":74,"column":74}},{"start":{"line":74,"column":77},"end":{"line":74,"column":101}}]},"13":{"loc":{"start":{"line":74,"column":77},"end":{"line":74,"column":101}},"type":"cond-expr","locations":[{"start":{"line":74,"column":88},"end":{"line":74,"column":96}},{"start":{"line":74,"column":99},"end":{"line":74,"column":101}}]}},"s":{"0":0,"1":0,"2":0,"3":0,"4":0,"5":0,"6":0,"7":0,"8":0,"9":0,"10":0,"11":0,"12":0,"13":0,"14":0,"15":0},"f":{"0":0,"1":0,"2":0,"3":0,"4":0,"5":0,"6":0,"7":0},"b":{"0":[0,0],"1":[0,0],"2":[0,0],"3":[0,0],"4":[0,0],"5":[0,0],"6":[0,0],"7":[0,0],"8":[0,0],"9":[0,0],"10":[0,0],"11":[0,0],"12":[0,0],"13":[0,0]}}
,"/Users/romulo.bordezani/workspace/swapi-client/packages/design-system/src/components/Header/index.tsx": {"path":"/Users/romulo.bordezani/workspace/swapi-client/packages/design-system/src/components/Header/index.tsx","statementMap":{"0":{"start":{"line":1,"column":0},"end":{"line":1,"column":25}}},"fnMap":{},"branchMap":{},"s":{"0":0},"f":{},"b":{}}
,"/Users/romulo.bordezani/workspace/swapi-client/packages/design-system/src/components/Loader/Loader.style.ts": {"path":"/Users/romulo.bordezani/workspace/swapi-client/packages/design-system/src/components/Loader/Loader.style.ts","statementMap":{"0":{"start":{"line":1,"column":0},"end":{"line":1,"column":37}},"1":{"start":{"line":3,"column":13},"end":{"line":10,"column":2}},"2":{"start":{"line":12,"column":13},"end":{"line":60,"column":2}}},"fnMap":{},"branchMap":{},"s":{"0":0,"1":0,"2":0},"f":{},"b":{}}
,"/Users/romulo.bordezani/workspace/swapi-client/packages/design-system/src/components/Loader/Loader.tsx": {"path":"/Users/romulo.bordezani/workspace/swapi-client/packages/design-system/src/components/Loader/Loader.tsx","statementMap":{"0":{"start":{"line":2,"column":0},"end":{"line":2,"column":49}},"1":{"start":{"line":4,"column":26},"end":{"line":10,"column":null}},"2":{"start":{"line":5,"column":2},"end":{"line":9,"column":null}},"3":{"start":{"line":4,"column":13},"end":{"line":4,"column":26}}},"fnMap":{"0":{"name":"(anonymous_0)","decl":{"start":{"line":4,"column":26},"end":{"line":4,"column":29}},"loc":{"start":{"line":5,"column":2},"end":{"line":9,"column":null}}}},"branchMap":{},"s":{"0":0,"1":0,"2":0,"3":0},"f":{"0":0},"b":{}}
,"/Users/romulo.bordezani/workspace/swapi-client/packages/design-system/src/components/Loader/index.ts": {"path":"/Users/romulo.bordezani/workspace/swapi-client/packages/design-system/src/components/Loader/index.ts","statementMap":{"0":{"start":{"line":1,"column":0},"end":{"line":1,"column":25}}},"fnMap":{},"branchMap":{},"s":{"0":0},"f":{},"b":{}}
,"/Users/romulo.bordezani/workspace/swapi-client/packages/design-system/src/components/PaginableContainer/PaginableContainer.style.ts": {"path":"/Users/romulo.bordezani/workspace/swapi-client/packages/design-system/src/components/PaginableContainer/PaginableContainer.style.ts","statementMap":{"0":{"start":{"line":1,"column":0},"end":{"line":1,"column":37}},"1":{"start":{"line":3,"column":13},"end":{"line":12,"column":2}}},"fnMap":{},"branchMap":{},"s":{"0":0,"1":0},"f":{},"b":{}}
,"/Users/romulo.bordezani/workspace/swapi-client/packages/design-system/src/components/PaginableContainer/PaginableContainer.tsx": {"path":"/Users/romulo.bordezani/workspace/swapi-client/packages/design-system/src/components/PaginableContainer/PaginableContainer.tsx","statementMap":{"0":{"start":{"line":2,"column":0},"end":{"line":2,"column":37}},"1":{"start":{"line":3,"column":0},"end":{"line":3,"column":39}},"2":{"start":{"line":4,"column":0},"end":{"line":4,"column":37}},"3":{"start":{"line":5,"column":0},"end":{"line":5,"column":62}},"4":{"start":{"line":23,"column":63},"end":{"line":98,"column":1}},"5":{"start":{"line":32,"column":2},"end":{"line":40,"column":null}},"6":{"start":{"line":33,"column":4},"end":{"line":39,"column":6}},"7":{"start":{"line":42,"column":2},"end":{"line":44,"column":null}},"8":{"start":{"line":43,"column":4},"end":{"line":43,"column":22}},"9":{"start":{"line":46,"column":2},"end":{"line":57,"column":null}},"10":{"start":{"line":47,"column":4},"end":{"line":56,"column":6}},"11":{"start":{"line":59,"column":2},"end":{"line":97,"column":4}},"12":{"start":{"line":67,"column":10},"end":{"line":67,"column":84}},"13":{"start":{"line":86,"column":33},"end":{"line":86,"column":50}},"14":{"start":{"line":91,"column":33},"end":{"line":91,"column":50}},"15":{"start":{"line":23,"column":13},"end":{"line":23,"column":63}}},"fnMap":{"0":{"name":"(anonymous_0)","decl":{"start":{"line":23,"column":63},"end":{"line":23,"column":64}},"loc":{"start":{"line":31,"column":5},"end":{"line":98,"column":1}}},"1":{"name":"(anonymous_1)","decl":{"start":{"line":66,"column":28},"end":{"line":66,"column":29}},"loc":{"start":{"line":66,"column":44},"end":{"line":68,"column":9}}},"2":{"name":"(anonymous_2)","decl":{"start":{"line":86,"column":27},"end":{"line":86,"column":30}},"loc":{"start":{"line":86,"column":33},"end":{"line":86,"column":50}}},"3":{"name":"(anonymous_3)","decl":{"start":{"line":91,"column":27},"end":{"line":91,"column":30}},"loc":{"start":{"line":91,"column":33},"end":{"line":91,"column":50}}}},"branchMap":{"0":{"loc":{"start":{"line":32,"column":2},"end":{"line":40,"column":null}},"type":"if","locations":[{"start":{"line":32,"column":2},"end":{"line":40,"column":null}}]},"1":{"loc":{"start":{"line":42,"column":2},"end":{"line":44,"column":null}},"type":"if","locations":[{"start":{"line":42,"column":2},"end":{"line":44,"column":null}}]},"2":{"loc":{"start":{"line":42,"column":6},"end":{"line":42,"column":29}},"type":"binary-expr","locations":[{"start":{"line":42,"column":6},"end":{"line":42,"column":15}},{"start":{"line":42,"column":19},"end":{"line":42,"column":29}}]},"3":{"loc":{"start":{"line":46,"column":2},"end":{"line":57,"column":null}},"type":"if","locations":[{"start":{"line":46,"column":2},"end":{"line":57,"column":null}}]},"4":{"loc":{"start":{"line":46,"column":6},"end":{"line":46,"column":46}},"type":"binary-expr","locations":[{"start":{"line":46,"column":6},"end":{"line":46,"column":20}},{"start":{"line":46,"column":24},"end":{"line":46,"column":46}}]},"5":{"loc":{"start":{"line":78,"column":9},"end":{"line":83,"column":null}},"type":"binary-expr","locations":[{"start":{"line":78,"column":9},"end":{"line":78,"column":23}},{"start":{"line":79,"column":10},"end":{"line":82,"column":null}}]},"6":{"loc":{"start":{"line":85,"column":9},"end":{"line":88,"column":null}},"type":"binary-expr","locations":[{"start":{"line":85,"column":9},"end":{"line":85,"column":22}},{"start":{"line":86,"column":10},"end":{"line":86,"column":null}}]},"7":{"loc":{"start":{"line":90,"column":9},"end":{"line":93,"column":null}},"type":"binary-expr","locations":[{"start":{"line":90,"column":9},"end":{"line":90,"column":18}},{"start":{"line":91,"column":10},"end":{"line":91,"column":null}}]}},"s":{"0":0,"1":0,"2":0,"3":0,"4":0,"5":0,"6":0,"7":0,"8":0,"9":0,"10":0,"11":0,"12":0,"13":0,"14":0,"15":0},"f":{"0":0,"1":0,"2":0,"3":0},"b":{"0":[0],"1":[0],"2":[0,0],"3":[0],"4":[0,0],"5":[0,0],"6":[0,0],"7":[0,0]}}
,"/Users/romulo.bordezani/workspace/swapi-client/packages/design-system/src/components/PaginableContainer/index.ts": {"path":"/Users/romulo.bordezani/workspace/swapi-client/packages/design-system/src/components/PaginableContainer/index.ts","statementMap":{"0":{"start":{"line":1,"column":0},"end":{"line":1,"column":37}}},"fnMap":{},"branchMap":{},"s":{"0":0},"f":{},"b":{}}
,"/Users/romulo.bordezani/workspace/swapi-client/packages/design-system/src/components/SearchForm/SearchForm.style.ts": {"path":"/Users/romulo.bordezani/workspace/swapi-client/packages/design-system/src/components/SearchForm/SearchForm.style.ts","statementMap":{"0":{"start":{"line":1,"column":0},"end":{"line":1,"column":37}},"1":{"start":{"line":2,"column":0},"end":{"line":2,"column":51}},"2":{"start":{"line":4,"column":13},"end":{"line":7,"column":2}},"3":{"start":{"line":9,"column":13},"end":{"line":19,"column":2}}},"fnMap":{},"branchMap":{},"s":{"0":0,"1":0,"2":0,"3":0},"f":{},"b":{}}
,"/Users/romulo.bordezani/workspace/swapi-client/packages/design-system/src/components/SearchForm/SearchForm.tsx": {"path":"/Users/romulo.bordezani/workspace/swapi-client/packages/design-system/src/components/SearchForm/SearchForm.tsx","statementMap":{"0":{"start":{"line":3,"column":0},"end":{"line":3,"column":64}},"1":{"start":{"line":9,"column":47},"end":{"line":21,"column":1}},"2":{"start":{"line":10,"column":2},"end":{"line":20,"column":4}},"3":{"start":{"line":11,"column":71},"end":{"line":11,"column":89}},"4":{"start":{"line":17,"column":25},"end":{"line":17,"column":57}},"5":{"start":{"line":9,"column":13},"end":{"line":9,"column":47}}},"fnMap":{"0":{"name":"(anonymous_0)","decl":{"start":{"line":9,"column":47},"end":{"line":9,"column":48}},"loc":{"start":{"line":9,"column":65},"end":{"line":21,"column":1}}},"1":{"name":"(anonymous_1)","decl":{"start":{"line":11,"column":64},"end":{"line":11,"column":65}},"loc":{"start":{"line":11,"column":71},"end":{"line":11,"column":89}}},"2":{"name":"(anonymous_2)","decl":{"start":{"line":17,"column":18},"end":{"line":17,"column":19}},"loc":{"start":{"line":17,"column":25},"end":{"line":17,"column":57}}}},"branchMap":{},"s":{"0":0,"1":0,"2":0,"3":0,"4":0,"5":0},"f":{"0":0,"1":0,"2":0},"b":{}}
,"/Users/romulo.bordezani/workspace/swapi-client/packages/design-system/src/components/SearchForm/index.ts": {"path":"/Users/romulo.bordezani/workspace/swapi-client/packages/design-system/src/components/SearchForm/index.ts","statementMap":{"0":{"start":{"line":1,"column":0},"end":{"line":1,"column":29}}},"fnMap":{},"branchMap":{},"s":{"0":0},"f":{},"b":{}}
,"/Users/romulo.bordezani/workspace/swapi-client/packages/design-system/src/hooks/index.ts": {"path":"/Users/romulo.bordezani/workspace/swapi-client/packages/design-system/src/hooks/index.ts","statementMap":{"0":{"start":{"line":1,"column":0},"end":{"line":1,"column":30}}},"fnMap":{},"branchMap":{},"s":{"0":0},"f":{},"b":{}}
,"/Users/romulo.bordezani/workspace/swapi-client/packages/design-system/src/hooks/useDebounce/index.ts": {"path":"/Users/romulo.bordezani/workspace/swapi-client/packages/design-system/src/hooks/useDebounce/index.ts","statementMap":{"0":{"start":{"line":1,"column":0},"end":{"line":1,"column":30}}},"fnMap":{},"branchMap":{},"s":{"0":0},"f":{},"b":{}}
,"/Users/romulo.bordezani/workspace/swapi-client/packages/design-system/src/hooks/useDebounce/useDebounce.tsx": {"path":"/Users/romulo.bordezani/workspace/swapi-client/packages/design-system/src/hooks/useDebounce/useDebounce.tsx","statementMap":{"0":{"start":{"line":1,"column":0},"end":{"line":1,"column":44}},"1":{"start":{"line":3,"column":27},"end":{"line":17,"column":1}},"2":{"start":{"line":4,"column":46},"end":{"line":4,"column":69}},"3":{"start":{"line":6,"column":2},"end":{"line":14,"column":21}},"4":{"start":{"line":7,"column":20},"end":{"line":9,"column":13}},"5":{"start":{"line":8,"column":6},"end":{"line":8,"column":31}},"6":{"start":{"line":11,"column":4},"end":{"line":13,"column":6}},"7":{"start":{"line":12,"column":6},"end":{"line":12,"column":28}},"8":{"start":{"line":16,"column":2},"end":{"line":16,"column":24}},"9":{"start":{"line":3,"column":13},"end":{"line":3,"column":27}}},"fnMap":{"0":{"name":"(anonymous_0)","decl":{"start":{"line":3,"column":27},"end":{"line":3,"column":28}},"loc":{"start":{"line":3,"column":68},"end":{"line":17,"column":1}}},"1":{"name":"(anonymous_1)","decl":{"start":{"line":6,"column":12},"end":{"line":6,"column":15}},"loc":{"start":{"line":6,"column":17},"end":{"line":14,"column":3}}},"2":{"name":"(anonymous_2)","decl":{"start":{"line":7,"column":31},"end":{"line":7,"column":34}},"loc":{"start":{"line":7,"column":36},"end":{"line":9,"column":5}}},"3":{"name":"(anonymous_3)","decl":{"start":{"line":11,"column":11},"end":{"line":11,"column":14}},"loc":{"start":{"line":11,"column":16},"end":{"line":13,"column":5}}}},"branchMap":{},"s":{"0":0,"1":0,"2":0,"3":0,"4":0,"5":0,"6":0,"7":0,"8":0,"9":0},"f":{"0":0,"1":0,"2":0,"3":0},"b":{}}
,"/Users/romulo.bordezani/workspace/swapi-client/packages/design-system/src/theme/breakpoints.constant.ts": {"path":"/Users/romulo.bordezani/workspace/swapi-client/packages/design-system/src/theme/breakpoints.constant.ts","statementMap":{"0":{"start":{"line":1,"column":13},"end":{"line":1,"column":43}},"1":{"start":{"line":2,"column":13},"end":{"line":2,"column":67}},"2":{"start":{"line":3,"column":13},"end":{"line":3,"column":69}},"3":{"start":{"line":4,"column":13},"end":{"line":4,"column":49}}},"fnMap":{},"branchMap":{},"s":{"0":0,"1":0,"2":0,"3":0},"f":{},"b":{}}
,"/Users/romulo.bordezani/workspace/swapi-client/packages/design-system/src/theme/colors.constant.ts": {"path":"/Users/romulo.bordezani/workspace/swapi-client/packages/design-system/src/theme/colors.constant.ts","statementMap":{"0":{"start":{"line":1,"column":13},"end":{"line":1,"column":34}},"1":{"start":{"line":2,"column":13},"end":{"line":2,"column":37}}},"fnMap":{},"branchMap":{},"s":{"0":1,"1":1},"f":{},"b":{}}
,"/Users/romulo.bordezani/workspace/swapi-client/packages/design-system/src/theme/index.ts": {"path":"/Users/romulo.bordezani/workspace/swapi-client/packages/design-system/src/theme/index.ts","statementMap":{"0":{"start":{"line":1,"column":0},"end":{"line":1,"column":39}},"1":{"start":{"line":2,"column":0},"end":{"line":2,"column":34}}},"fnMap":{},"branchMap":{},"s":{"0":0,"1":0},"f":{},"b":{}}
,"/Users/romulo.bordezani/workspace/swapi-client/packages/design-system/src/utils/index.ts": {"path":"/Users/romulo.bordezani/workspace/swapi-client/packages/design-system/src/utils/index.ts","statementMap":{"0":{"start":{"line":1,"column":0},"end":{"line":1,"column":38}},"1":{"start":{"line":2,"column":0},"end":{"line":2,"column":47}}},"fnMap":{},"branchMap":{},"s":{"0":0,"1":0},"f":{},"b":{}}
,"/Users/romulo.bordezani/workspace/swapi-client/packages/design-system/src/utils/getHostedPlaceHolderImageUrl/getHostedPlaceHolderImageUrl.ts": {"path":"/Users/romulo.bordezani/workspace/swapi-client/packages/design-system/src/utils/getHostedPlaceHolderImageUrl/getHostedPlaceHolderImageUrl.ts","statementMap":{"0":{"start":{"line":1,"column":44},"end":{"line":2,"column":139}},"1":{"start":{"line":2,"column":2},"end":{"line":2,"column":139}},"2":{"start":{"line":1,"column":13},"end":{"line":1,"column":44}}},"fnMap":{"0":{"name":"(anonymous_0)","decl":{"start":{"line":1,"column":44},"end":{"line":1,"column":47}},"loc":{"start":{"line":2,"column":2},"end":{"line":2,"column":139}}}},"branchMap":{},"s":{"0":1,"1":2,"2":1},"f":{"0":2},"b":{}}
,"/Users/romulo.bordezani/workspace/swapi-client/packages/design-system/src/utils/getHostedPlaceHolderImageUrl/index.ts": {"path":"/Users/romulo.bordezani/workspace/swapi-client/packages/design-system/src/utils/getHostedPlaceHolderImageUrl/index.ts","statementMap":{"0":{"start":{"line":1,"column":0},"end":{"line":1,"column":47}}},"fnMap":{},"branchMap":{},"s":{"0":0},"f":{},"b":{}}
,"/Users/romulo.bordezani/workspace/swapi-client/packages/design-system/src/utils/getResourceImageUrl/getResourceImageUrl.tsx": {"path":"/Users/romulo.bordezani/workspace/swapi-client/packages/design-system/src/utils/getResourceImageUrl/getResourceImageUrl.tsx","statementMap":{"0":{"start":{"line":1,"column":30},"end":{"line":1,"column":76}},"1":{"start":{"line":3,"column":28},"end":{"line":11,"column":1}},"2":{"start":{"line":4,"column":18},"end":{"line":4,"column":50}},"3":{"start":{"line":6,"column":2},"end":{"line":8,"column":null}},"4":{"start":{"line":7,"column":4},"end":{"line":7,"column":22}},"5":{"start":{"line":10,"column":2},"end":{"line":10,"column":14}},"6":{"start":{"line":3,"column":13},"end":{"line":3,"column":28}},"7":{"start":{"line":13,"column":53},"end":{"line":21,"column":2}},"8":{"start":{"line":23,"column":24},"end":{"line":25,"column":1}},"9":{"start":{"line":24,"column":2},"end":{"line":24,"column":62}},"10":{"start":{"line":27,"column":35},"end":{"line":29,"column":1}},"11":{"start":{"line":28,"column":2},"end":{"line":28,"column":93}},"12":{"start":{"line":27,"column":13},"end":{"line":27,"column":35}}},"fnMap":{"0":{"name":"(anonymous_0)","decl":{"start":{"line":3,"column":28},"end":{"line":3,"column":29}},"loc":{"start":{"line":3,"column":59},"end":{"line":11,"column":1}}},"1":{"name":"(anonymous_1)","decl":{"start":{"line":23,"column":24},"end":{"line":23,"column":25}},"loc":{"start":{"line":23,"column":49},"end":{"line":25,"column":1}}},"2":{"name":"(anonymous_2)","decl":{"start":{"line":27,"column":35},"end":{"line":27,"column":36}},"loc":{"start":{"line":27,"column":88},"end":{"line":29,"column":1}}}},"branchMap":{"0":{"loc":{"start":{"line":6,"column":2},"end":{"line":8,"column":null}},"type":"if","locations":[{"start":{"line":6,"column":2},"end":{"line":8,"column":null}}]},"1":{"loc":{"start":{"line":6,"column":6},"end":{"line":6,"column":38}},"type":"binary-expr","locations":[{"start":{"line":6,"column":6},"end":{"line":6,"column":13}},{"start":{"line":6,"column":17},"end":{"line":6,"column":38}}]},"2":{"loc":{"start":{"line":24,"column":9},"end":{"line":24,"column":61}},"type":"binary-expr","locations":[{"start":{"line":24,"column":9},"end":{"line":24,"column":36}},{"start":{"line":24,"column":40},"end":{"line":24,"column":61}}]}},"s":{"0":0,"1":0,"2":0,"3":0,"4":0,"5":0,"6":0,"7":0,"8":0,"9":0,"10":0,"11":0,"12":0},"f":{"0":0,"1":0,"2":0},"b":{"0":[0],"1":[0,0],"2":[0,0]}}
,"/Users/romulo.bordezani/workspace/swapi-client/packages/design-system/src/utils/getResourceImageUrl/index.ts": {"path":"/Users/romulo.bordezani/workspace/swapi-client/packages/design-system/src/utils/getResourceImageUrl/index.ts","statementMap":{"0":{"start":{"line":1,"column":0},"end":{"line":1,"column":38}}},"fnMap":{},"branchMap":{},"s":{"0":0},"f":{},"b":{}}
,"/Users/romulo.bordezani/workspace/swapi-client/packages/films/src/App.tsx": {"path":"/Users/romulo.bordezani/workspace/swapi-client/packages/films/src/App.tsx","statementMap":{"0":{"start":{"line":2,"column":0},"end":{"line":2,"column":45}},"1":{"start":{"line":3,"column":0},"end":{"line":3,"column":49}},"2":{"start":{"line":4,"column":0},"end":{"line":4,"column":41}},"3":{"start":{"line":6,"column":12},"end":{"line":18,"column":1}},"4":{"start":{"line":7,"column":2},"end":{"line":17,"column":4}},"5":{"start":{"line":20,"column":0},"end":{"line":20,"column":19}}},"fnMap":{"0":{"name":"(anonymous_1)","decl":{"start":{"line":6,"column":12},"end":{"line":6,"column":15}},"loc":{"start":{"line":6,"column":17},"end":{"line":18,"column":1}}}},"branchMap":{},"s":{"0":0,"1":0,"2":0,"3":0,"4":0,"5":0},"f":{"0":0},"b":{}}
,"/Users/romulo.bordezani/workspace/swapi-client/packages/films/src/bootstrap.tsx": {"path":"/Users/romulo.bordezani/workspace/swapi-client/packages/films/src/bootstrap.tsx","statementMap":{"0":{"start":{"line":1,"column":0},"end":{"line":1,"column":26}},"1":{"start":{"line":2,"column":0},"end":{"line":2,"column":46}},"2":{"start":{"line":3,"column":0},"end":{"line":3,"column":24}},"3":{"start":{"line":5,"column":22},"end":{"line":5,"column":79}},"4":{"start":{"line":6,"column":15},"end":{"line":6,"column":40}},"5":{"start":{"line":7,"column":0},"end":{"line":11,"column":2}}},"fnMap":{},"branchMap":{},"s":{"0":0,"1":0,"2":0,"3":0,"4":0,"5":0},"f":{},"b":{}}
,"/Users/romulo.bordezani/workspace/swapi-client/packages/films/src/global.style.ts": {"path":"/Users/romulo.bordezani/workspace/swapi-client/packages/films/src/global.style.ts","statementMap":{"0":{"start":{"line":1,"column":0},"end":{"line":1,"column":37}},"1":{"start":{"line":3,"column":20},"end":{"line":12,"column":2}},"2":{"start":{"line":14,"column":0},"end":{"line":14,"column":27}}},"fnMap":{},"branchMap":{},"s":{"0":0,"1":0,"2":0},"f":{},"b":{}}
,"/Users/romulo.bordezani/workspace/swapi-client/packages/films/src/remote.d.ts": {"path":"/Users/romulo.bordezani/workspace/swapi-client/packages/films/src/remote.d.ts","statementMap":{},"fnMap":{},"branchMap":{},"s":{},"f":{},"b":{}}
,"/Users/romulo.bordezani/workspace/swapi-client/packages/films/src/pages/FilmsPage/FilmsPage.tsx": {"path":"/Users/romulo.bordezani/workspace/swapi-client/packages/films/src/pages/FilmsPage/FilmsPage.tsx","statementMap":{"0":{"start":{"line":1,"column":0},"end":{"line":1,"column":51}},"1":{"start":{"line":2,"column":0},"end":{"line":2,"column":54}},"2":{"start":{"line":3,"column":0},"end":{"line":3,"column":45}},"3":{"start":{"line":5,"column":0},"end":{"line":5,"column":73}},"4":{"start":{"line":6,"column":0},"end":{"line":6,"column":49}},"5":{"start":{"line":8,"column":25},"end":{"line":30,"column":1}},"6":{"start":{"line":9,"column":26},"end":{"line":9,"column":45}},"7":{"start":{"line":10,"column":30},"end":{"line":10,"column":50}},"8":{"start":{"line":11,"column":30},"end":{"line":11,"column":55}},"9":{"start":{"line":13,"column":49},"end":{"line":16,"column":4}},"10":{"start":{"line":18,"column":2},"end":{"line":22,"column":15}},"11":{"start":{"line":19,"column":4},"end":{"line":21,"column":null}},"12":{"start":{"line":20,"column":6},"end":{"line":20,"column":17}},"13":{"start":{"line":24,"column":2},"end":{"line":29,"column":4}},"14":{"start":{"line":8,"column":13},"end":{"line":8,"column":25}},"15":{"start":{"line":32,"column":0},"end":{"line":32,"column":25}}},"fnMap":{"0":{"name":"(anonymous_0)","decl":{"start":{"line":8,"column":25},"end":{"line":8,"column":28}},"loc":{"start":{"line":8,"column":30},"end":{"line":30,"column":1}}},"1":{"name":"(anonymous_1)","decl":{"start":{"line":18,"column":12},"end":{"line":18,"column":15}},"loc":{"start":{"line":18,"column":17},"end":{"line":22,"column":3}}}},"branchMap":{"0":{"loc":{"start":{"line":19,"column":4},"end":{"line":21,"column":null}},"type":"if","locations":[{"start":{"line":19,"column":4},"end":{"line":21,"column":null}}]}},"s":{"0":0,"1":0,"2":0,"3":0,"4":0,"5":0,"6":0,"7":0,"8":0,"9":0,"10":0,"11":0,"12":0,"13":0,"14":0,"15":0},"f":{"0":0,"1":0},"b":{"0":[0]}}
,"/Users/romulo.bordezani/workspace/swapi-client/packages/films/src/pages/FilmsPage/index.ts": {"path":"/Users/romulo.bordezani/workspace/swapi-client/packages/films/src/pages/FilmsPage/index.ts","statementMap":{"0":{"start":{"line":1,"column":0},"end":{"line":1,"column":28}}},"fnMap":{},"branchMap":{},"s":{"0":0},"f":{},"b":{}}
,"/Users/romulo.bordezani/workspace/swapi-client/packages/host/cypress.config.ts": {"path":"/Users/romulo.bordezani/workspace/swapi-client/packages/host/cypress.config.ts","statementMap":{"0":{"start":{"line":3,"column":25},"end":{"line":3,"column":43}},"1":{"start":{"line":5,"column":0},"end":{"line":21,"column":3}},"2":{"start":{"line":11,"column":23},"end":{"line":11,"column":67}},"3":{"start":{"line":12,"column":8},"end":{"line":17,"column":10}}},"fnMap":{"0":{"name":"(anonymous_6)","decl":{"start":{"line":10,"column":21},"end":{"line":10,"column":26}},"loc":{"start":{"line":10,"column":32},"end":{"line":18,"column":7}}},"1":{"name":"(anonymous_7)","decl":{"start":{"line":11,"column":23},"end":{"line":11,"column":36}},"loc":{"start":{"line":11,"column":23},"end":{"line":11,"column":67}}}},"branchMap":{},"s":{"0":0,"1":0,"2":0,"3":0},"f":{"0":0,"1":0},"b":{}}
,"/Users/romulo.bordezani/workspace/swapi-client/packages/host/src/App.tsx": {"path":"/Users/romulo.bordezani/workspace/swapi-client/packages/host/src/App.tsx","statementMap":{"0":{"start":{"line":2,"column":0},"end":{"line":2,"column":39}},"1":{"start":{"line":3,"column":0},"end":{"line":3,"column":45}},"2":{"start":{"line":4,"column":0},"end":{"line":4,"column":49}},"3":{"start":{"line":5,"column":0},"end":{"line":5,"column":49}},"4":{"start":{"line":7,"column":0},"end":{"line":7,"column":51}},"5":{"start":{"line":8,"column":0},"end":{"line":8,"column":44}},"6":{"start":{"line":9,"column":0},"end":{"line":9,"column":38}},"7":{"start":{"line":10,"column":0},"end":{"line":10,"column":37}},"8":{"start":{"line":12,"column":12},"end":{"line":29,"column":1}},"9":{"start":{"line":13,"column":2},"end":{"line":28,"column":4}},"10":{"start":{"line":31,"column":0},"end":{"line":31,"column":19}}},"fnMap":{"0":{"name":"(anonymous_1)","decl":{"start":{"line":12,"column":12},"end":{"line":12,"column":15}},"loc":{"start":{"line":12,"column":17},"end":{"line":29,"column":1}}}},"branchMap":{},"s":{"0":0,"1":0,"2":0,"3":0,"4":0,"5":0,"6":0,"7":0,"8":0,"9":0,"10":0},"f":{"0":0},"b":{}}
,"/Users/romulo.bordezani/workspace/swapi-client/packages/host/src/ErrorBoundary.tsx": {"path":"/Users/romulo.bordezani/workspace/swapi-client/packages/host/src/ErrorBoundary.tsx","statementMap":{"0":{"start":{"line":3,"column":0},"end":{"line":3,"column":26}},"1":{"start":{"line":6,"column":4},"end":{"line":6,"column":17}},"2":{"start":{"line":7,"column":4},"end":{"line":7,"column":37}},"3":{"start":{"line":12,"column":4},"end":{"line":12,"column":25}},"4":{"start":{"line":13,"column":4},"end":{"line":13,"column":30}},"5":{"start":{"line":18,"column":4},"end":{"line":18,"column":34}},"6":{"start":{"line":22,"column":4},"end":{"line":25,"column":null}},"7":{"start":{"line":24,"column":6},"end":{"line":24,"column":44}},"8":{"start":{"line":27,"column":4},"end":{"line":27,"column":31}},"9":{"start":{"line":31,"column":0},"end":{"line":31,"column":29}}},"fnMap":{"0":{"name":"(anonymous_1)","decl":{"start":{"line":5,"column":2},"end":{"line":5,"column":14}},"loc":{"start":{"line":5,"column":19},"end":{"line":8,"column":3}}},"1":{"name":"(anonymous_2)","decl":{"start":{"line":10,"column":2},"end":{"line":10,"column":8}},"loc":{"start":{"line":10,"column":39},"end":{"line":14,"column":3}}},"2":{"name":"(anonymous_3)","decl":{"start":{"line":16,"column":2},"end":{"line":16,"column":19}},"loc":{"start":{"line":16,"column":36},"end":{"line":19,"column":3}}},"3":{"name":"(anonymous_4)","decl":{"start":{"line":21,"column":2},"end":{"line":21,"column":8}},"loc":{"start":{"line":21,"column":8},"end":{"line":28,"column":3}}}},"branchMap":{"0":{"loc":{"start":{"line":22,"column":4},"end":{"line":25,"column":null}},"type":"if","locations":[{"start":{"line":22,"column":4},"end":{"line":25,"column":null}}]}},"s":{"0":0,"1":0,"2":0,"3":0,"4":0,"5":0,"6":0,"7":0,"8":0,"9":0},"f":{"0":0,"1":0,"2":0,"3":0},"b":{"0":[0]}}
,"/Users/romulo.bordezani/workspace/swapi-client/packages/host/src/Routes.tsx": {"path":"/Users/romulo.bordezani/workspace/swapi-client/packages/host/src/Routes.tsx","statementMap":{"0":{"start":{"line":1,"column":0},"end":{"line":1,"column":44}},"1":{"start":{"line":2,"column":0},"end":{"line":2,"column":49}},"2":{"start":{"line":3,"column":0},"end":{"line":3,"column":44}},"3":{"start":{"line":5,"column":18},"end":{"line":5,"column":62}},"4":{"start":{"line":5,"column":40},"end":{"line":5,"column":61}},"5":{"start":{"line":6,"column":25},"end":{"line":6,"column":81}},"6":{"start":{"line":6,"column":47},"end":{"line":6,"column":80}},"7":{"start":{"line":8,"column":0},"end":{"line":8,"column":49}},"8":{"start":{"line":10,"column":0},"end":{"line":10,"column":46}},"9":{"start":{"line":11,"column":0},"end":{"line":11,"column":64}},"10":{"start":{"line":12,"column":0},"end":{"line":12,"column":52}},"11":{"start":{"line":13,"column":0},"end":{"line":13,"column":72}},"12":{"start":{"line":14,"column":0},"end":{"line":14,"column":67}},"13":{"start":{"line":15,"column":0},"end":{"line":15,"column":73}},"14":{"start":{"line":16,"column":0},"end":{"line":16,"column":70}},"15":{"start":{"line":18,"column":29},"end":{"line":150,"column":1}},"16":{"start":{"line":19,"column":2},"end":{"line":149,"column":4}},"17":{"start":{"line":18,"column":13},"end":{"line":18,"column":29}}},"fnMap":{"0":{"name":"(anonymous_7)","decl":{"start":{"line":5,"column":29},"end":{"line":5,"column":34}},"loc":{"start":{"line":5,"column":40},"end":{"line":5,"column":61}}},"1":{"name":"(anonymous_8)","decl":{"start":{"line":5,"column":40},"end":{"line":5,"column":48}},"loc":{"start":{"line":5,"column":40},"end":{"line":5,"column":61}}},"2":{"name":"(anonymous_9)","decl":{"start":{"line":6,"column":36},"end":{"line":6,"column":41}},"loc":{"start":{"line":6,"column":47},"end":{"line":6,"column":80}}},"3":{"name":"(anonymous_10)","decl":{"start":{"line":6,"column":47},"end":{"line":6,"column":55}},"loc":{"start":{"line":6,"column":47},"end":{"line":6,"column":80}}},"4":{"name":"(anonymous_11)","decl":{"start":{"line":18,"column":29},"end":{"line":18,"column":32}},"loc":{"start":{"line":18,"column":34},"end":{"line":150,"column":1}}}},"branchMap":{},"s":{"0":0,"1":0,"2":0,"3":0,"4":0,"5":0,"6":0,"7":0,"8":0,"9":0,"10":0,"11":0,"12":0,"13":0,"14":0,"15":0,"16":0,"17":0},"f":{"0":0,"1":0,"2":0,"3":0,"4":0},"b":{}}
,"/Users/romulo.bordezani/workspace/swapi-client/packages/host/src/bootstrap.tsx": {"path":"/Users/romulo.bordezani/workspace/swapi-client/packages/host/src/bootstrap.tsx","statementMap":{"0":{"start":{"line":2,"column":0},"end":{"line":2,"column":40}},"1":{"start":{"line":3,"column":0},"end":{"line":3,"column":24}},"2":{"start":{"line":5,"column":13},"end":{"line":5,"column":76}},"3":{"start":{"line":7,"column":0},"end":{"line":7,"column":21}}},"fnMap":{},"branchMap":{},"s":{"0":0,"1":0,"2":0,"3":0},"f":{},"b":{}}
,"/Users/romulo.bordezani/workspace/swapi-client/packages/host/src/remote.d.ts": {"path":"/Users/romulo.bordezani/workspace/swapi-client/packages/host/src/remote.d.ts","statementMap":{},"fnMap":{},"branchMap":{},"s":{},"f":{},"b":{}}
,"/Users/romulo.bordezani/workspace/swapi-client/packages/host/src/layouts/featured/FeaturedContainer/FeaturedContainer.tsx": {"path":"/Users/romulo.bordezani/workspace/swapi-client/packages/host/src/layouts/featured/FeaturedContainer/FeaturedContainer.tsx","statementMap":{"0":{"start":{"line":1,"column":0},"end":{"line":1,"column":45}},"1":{"start":{"line":2,"column":0},"end":{"line":2,"column":42}},"2":{"start":{"line":3,"column":0},"end":{"line":3,"column":78}},"3":{"start":{"line":12,"column":61},"end":{"line":20,"column":1}},"4":{"start":{"line":13,"column":19},"end":{"line":13,"column":32}},"5":{"start":{"line":15,"column":2},"end":{"line":17,"column":9}},"6":{"start":{"line":16,"column":4},"end":{"line":16,"column":56}},"7":{"start":{"line":19,"column":2},"end":{"line":19,"column":25}},"8":{"start":{"line":12,"column":13},"end":{"line":12,"column":61}}},"fnMap":{"0":{"name":"(anonymous_0)","decl":{"start":{"line":12,"column":61},"end":{"line":12,"column":62}},"loc":{"start":{"line":12,"column":102},"end":{"line":20,"column":1}}},"1":{"name":"(anonymous_1)","decl":{"start":{"line":15,"column":12},"end":{"line":15,"column":15}},"loc":{"start":{"line":15,"column":17},"end":{"line":17,"column":3}}}},"branchMap":{},"s":{"0":0,"1":0,"2":0,"3":0,"4":0,"5":0,"6":0,"7":0,"8":0},"f":{"0":0,"1":0},"b":{}}
,"/Users/romulo.bordezani/workspace/swapi-client/packages/host/src/layouts/featured/FeaturedContainer/index.ts": {"path":"/Users/romulo.bordezani/workspace/swapi-client/packages/host/src/layouts/featured/FeaturedContainer/index.ts","statementMap":{"0":{"start":{"line":1,"column":0},"end":{"line":1,"column":36}}},"fnMap":{},"branchMap":{},"s":{"0":0},"f":{},"b":{}}
,"/Users/romulo.bordezani/workspace/swapi-client/packages/host/src/layouts/main/Main.layout.tsx": {"path":"/Users/romulo.bordezani/workspace/swapi-client/packages/host/src/layouts/main/Main.layout.tsx","statementMap":{"0":{"start":{"line":2,"column":0},"end":{"line":2,"column":42}},"1":{"start":{"line":3,"column":0},"end":{"line":3,"column":57}},"2":{"start":{"line":5,"column":0},"end":{"line":5,"column":65}},"3":{"start":{"line":7,"column":26},"end":{"line":20,"column":1}},"4":{"start":{"line":8,"column":2},"end":{"line":19,"column":4}},"5":{"start":{"line":7,"column":13},"end":{"line":7,"column":26}}},"fnMap":{"0":{"name":"(anonymous_0)","decl":{"start":{"line":7,"column":26},"end":{"line":7,"column":29}},"loc":{"start":{"line":7,"column":31},"end":{"line":20,"column":1}}}},"branchMap":{},"s":{"0":0,"1":0,"2":0,"3":0,"4":0,"5":0},"f":{"0":0},"b":{}}
,"/Users/romulo.bordezani/workspace/swapi-client/packages/host/src/layouts/main/Main.style.ts": {"path":"/Users/romulo.bordezani/workspace/swapi-client/packages/host/src/layouts/main/Main.style.ts","statementMap":{"0":{"start":{"line":1,"column":0},"end":{"line":1,"column":37}},"1":{"start":{"line":2,"column":0},"end":{"line":2,"column":43}},"2":{"start":{"line":4,"column":13},"end":{"line":12,"column":2}},"3":{"start":{"line":14,"column":13},"end":{"line":17,"column":2}},"4":{"start":{"line":19,"column":13},"end":{"line":21,"column":2}}},"fnMap":{},"branchMap":{},"s":{"0":0,"1":0,"2":0,"3":0,"4":0},"f":{},"b":{}}
,"/Users/romulo.bordezani/workspace/swapi-client/packages/host/src/layouts/main/index.ts": {"path":"/Users/romulo.bordezani/workspace/swapi-client/packages/host/src/layouts/main/index.ts","statementMap":{"0":{"start":{"line":1,"column":0},"end":{"line":1,"column":30}}},"fnMap":{},"branchMap":{},"s":{"0":0},"f":{},"b":{}}
,"/Users/romulo.bordezani/workspace/swapi-client/packages/host/src/pages/home/Home.page.tsx": {"path":"/Users/romulo.bordezani/workspace/swapi-client/packages/host/src/pages/home/Home.page.tsx","statementMap":{"0":{"start":{"line":1,"column":0},"end":{"line":1,"column":39}},"1":{"start":{"line":3,"column":0},"end":{"line":3,"column":42}},"2":{"start":{"line":7,"column":0},"end":{"line":7,"column":59}},"3":{"start":{"line":8,"column":0},"end":{"line":8,"column":65}},"4":{"start":{"line":9,"column":0},"end":{"line":9,"column":54}},"5":{"start":{"line":11,"column":42},"end":{"line":11,"column":43}},"6":{"start":{"line":13,"column":15},"end":{"line":23,"column":1}},"7":{"start":{"line":14,"column":2},"end":{"line":16,"column":null}},"8":{"start":{"line":15,"column":4},"end":{"line":15,"column":13}},"9":{"start":{"line":18,"column":2},"end":{"line":20,"column":null}},"10":{"start":{"line":19,"column":4},"end":{"line":19,"column":14}},"11":{"start":{"line":22,"column":2},"end":{"line":22,"column":11}},"12":{"start":{"line":25,"column":21},"end":{"line":68,"column":1}},"13":{"start":{"line":26,"column":16},"end":{"line":26,"column":70}},"14":{"start":{"line":26,"column":50},"end":{"line":26,"column":69}},"15":{"start":{"line":27,"column":22},"end":{"line":27,"column":89}},"16":{"start":{"line":29,"column":2},"end":{"line":67,"column":4}},"17":{"start":{"line":62,"column":12},"end":{"line":62,"column":70}},"18":{"start":{"line":70,"column":0},"end":{"line":70,"column":24}}},"fnMap":{"0":{"name":"(anonymous_1)","decl":{"start":{"line":13,"column":15},"end":{"line":13,"column":16}},"loc":{"start":{"line":13,"column":58},"end":{"line":23,"column":1}}},"1":{"name":"(anonymous_2)","decl":{"start":{"line":25,"column":21},"end":{"line":25,"column":24}},"loc":{"start":{"line":25,"column":26},"end":{"line":68,"column":1}}},"2":{"name":"(anonymous_3)","decl":{"start":{"line":26,"column":28},"end":{"line":26,"column":29}},"loc":{"start":{"line":26,"column":50},"end":{"line":26,"column":69}}},"3":{"name":"(anonymous_4)","decl":{"start":{"line":61,"column":27},"end":{"line":61,"column":28}},"loc":{"start":{"line":62,"column":12},"end":{"line":62,"column":70}}}},"branchMap":{"0":{"loc":{"start":{"line":14,"column":2},"end":{"line":16,"column":null}},"type":"if","locations":[{"start":{"line":14,"column":2},"end":{"line":16,"column":null}}]},"1":{"loc":{"start":{"line":18,"column":2},"end":{"line":20,"column":null}},"type":"if","locations":[{"start":{"line":18,"column":2},"end":{"line":20,"column":null}}]},"2":{"loc":{"start":{"line":59,"column":9},"end":{"line":59,"column":64}},"type":"binary-expr","locations":[{"start":{"line":59,"column":9},"end":{"line":59,"column":27}},{"start":{"line":59,"column":31},"end":{"line":59,"column":64}}]}},"s":{"0":0,"1":0,"2":0,"3":0,"4":0,"5":0,"6":0,"7":0,"8":0,"9":0,"10":0,"11":0,"12":0,"13":0,"14":0,"15":0,"16":0,"17":0,"18":0},"f":{"0":0,"1":0,"2":0,"3":0},"b":{"0":[0],"1":[0],"2":[0,0]}}
,"/Users/romulo.bordezani/workspace/swapi-client/packages/host/src/pages/home/Home.style.ts": {"path":"/Users/romulo.bordezani/workspace/swapi-client/packages/host/src/pages/home/Home.style.ts","statementMap":{"0":{"start":{"line":1,"column":0},"end":{"line":1,"column":37}},"1":{"start":{"line":2,"column":0},"end":{"line":2,"column":58}},"2":{"start":{"line":4,"column":13},"end":{"line":16,"column":2}},"3":{"start":{"line":18,"column":13},"end":{"line":44,"column":2}},"4":{"start":{"line":46,"column":13},"end":{"line":48,"column":2}}},"fnMap":{},"branchMap":{},"s":{"0":0,"1":0,"2":0,"3":0,"4":0},"f":{},"b":{}}
,"/Users/romulo.bordezani/workspace/swapi-client/packages/host/src/pages/home/PopularDisplayer.style.ts": {"path":"/Users/romulo.bordezani/workspace/swapi-client/packages/host/src/pages/home/PopularDisplayer.style.ts","statementMap":{"0":{"start":{"line":1,"column":0},"end":{"line":1,"column":37}},"1":{"start":{"line":3,"column":13},"end":{"line":13,"column":2}}},"fnMap":{},"branchMap":{},"s":{"0":0,"1":0},"f":{},"b":{}}
,"/Users/romulo.bordezani/workspace/swapi-client/packages/host/src/pages/home/PopularDisplayer.tsx": {"path":"/Users/romulo.bordezani/workspace/swapi-client/packages/host/src/pages/home/PopularDisplayer.tsx","statementMap":{"0":{"start":{"line":3,"column":0},"end":{"line":3,"column":108}},"1":{"start":{"line":4,"column":0},"end":{"line":4,"column":60}},"2":{"start":{"line":7,"column":0},"end":{"line":7,"column":58}},"3":{"start":{"line":8,"column":0},"end":{"line":8,"column":97}},"4":{"start":{"line":9,"column":0},"end":{"line":9,"column":40}},"5":{"start":{"line":21,"column":59},"end":{"line":101,"column":1}},"6":{"start":{"line":22,"column":2},"end":{"line":24,"column":null}},"7":{"start":{"line":23,"column":4},"end":{"line":23,"column":16}},"8":{"start":{"line":26,"column":37},"end":{"line":26,"column":45}},"9":{"start":{"line":28,"column":23},"end":{"line":28,"column":43}},"10":{"start":{"line":30,"column":2},"end":{"line":38,"column":null}},"11":{"start":{"line":31,"column":26},"end":{"line":31,"column":42}},"12":{"start":{"line":33,"column":4},"end":{"line":37,"column":6}},"13":{"start":{"line":40,"column":2},"end":{"line":48,"column":null}},"14":{"start":{"line":41,"column":26},"end":{"line":41,"column":44}},"15":{"start":{"line":43,"column":4},"end":{"line":47,"column":6}},"16":{"start":{"line":50,"column":2},"end":{"line":58,"column":null}},"17":{"start":{"line":51,"column":26},"end":{"line":51,"column":44}},"18":{"start":{"line":53,"column":4},"end":{"line":57,"column":6}},"19":{"start":{"line":60,"column":2},"end":{"line":68,"column":null}},"20":{"start":{"line":61,"column":26},"end":{"line":61,"column":45}},"21":{"start":{"line":63,"column":4},"end":{"line":67,"column":6}},"22":{"start":{"line":70,"column":2},"end":{"line":78,"column":null}},"23":{"start":{"line":71,"column":26},"end":{"line":71,"column":46}},"24":{"start":{"line":73,"column":4},"end":{"line":77,"column":6}},"25":{"start":{"line":80,"column":2},"end":{"line":88,"column":null}},"26":{"start":{"line":81,"column":26},"end":{"line":81,"column":45}},"27":{"start":{"line":83,"column":4},"end":{"line":87,"column":6}},"28":{"start":{"line":90,"column":2},"end":{"line":100,"column":4}},"29":{"start":{"line":21,"column":13},"end":{"line":21,"column":59}}},"fnMap":{"0":{"name":"(anonymous_0)","decl":{"start":{"line":21,"column":59},"end":{"line":21,"column":60}},"loc":{"start":{"line":21,"column":76},"end":{"line":101,"column":1}}}},"branchMap":{"0":{"loc":{"start":{"line":22,"column":2},"end":{"line":24,"column":null}},"type":"if","locations":[{"start":{"line":22,"column":2},"end":{"line":24,"column":null}}]},"1":{"loc":{"start":{"line":30,"column":2},"end":{"line":38,"column":null}},"type":"if","locations":[{"start":{"line":30,"column":2},"end":{"line":38,"column":null}}]},"2":{"loc":{"start":{"line":40,"column":2},"end":{"line":48,"column":null}},"type":"if","locations":[{"start":{"line":40,"column":2},"end":{"line":48,"column":null}}]},"3":{"loc":{"start":{"line":50,"column":2},"end":{"line":58,"column":null}},"type":"if","locations":[{"start":{"line":50,"column":2},"end":{"line":58,"column":null}}]},"4":{"loc":{"start":{"line":60,"column":2},"end":{"line":68,"column":null}},"type":"if","locations":[{"start":{"line":60,"column":2},"end":{"line":68,"column":null}}]},"5":{"loc":{"start":{"line":70,"column":2},"end":{"line":78,"column":null}},"type":"if","locations":[{"start":{"line":70,"column":2},"end":{"line":78,"column":null}}]},"6":{"loc":{"start":{"line":80,"column":2},"end":{"line":88,"column":null}},"type":"if","locations":[{"start":{"line":80,"column":2},"end":{"line":88,"column":null}}]}},"s":{"0":0,"1":0,"2":0,"3":0,"4":0,"5":0,"6":0,"7":0,"8":0,"9":0,"10":0,"11":0,"12":0,"13":0,"14":0,"15":0,"16":0,"17":0,"18":0,"19":0,"20":0,"21":0,"22":0,"23":0,"24":0,"25":0,"26":0,"27":0,"28":0,"29":0},"f":{"0":0},"b":{"0":[0],"1":[0],"2":[0],"3":[0],"4":[0],"5":[0],"6":[0]}}
,"/Users/romulo.bordezani/workspace/swapi-client/packages/host/src/pages/home/index.ts": {"path":"/Users/romulo.bordezani/workspace/swapi-client/packages/host/src/pages/home/index.ts","statementMap":{"0":{"start":{"line":1,"column":0},"end":{"line":1,"column":28}}},"fnMap":{},"branchMap":{},"s":{"0":0},"f":{},"b":{}}
,"/Users/romulo.bordezani/workspace/swapi-client/packages/host/src/pages/people/People.page.tsx": {"path":"/Users/romulo.bordezani/workspace/swapi-client/packages/host/src/pages/people/People.page.tsx","statementMap":{"0":{"start":{"line":1,"column":0},"end":{"line":1,"column":55}},"1":{"start":{"line":2,"column":0},"end":{"line":2,"column":57}},"2":{"start":{"line":3,"column":0},"end":{"line":3,"column":46}},"3":{"start":{"line":4,"column":0},"end":{"line":4,"column":49}},"4":{"start":{"line":6,"column":0},"end":{"line":6,"column":73}},"5":{"start":{"line":8,"column":30},"end":{"line":30,"column":1}},"6":{"start":{"line":9,"column":26},"end":{"line":9,"column":45}},"7":{"start":{"line":10,"column":30},"end":{"line":10,"column":50}},"8":{"start":{"line":11,"column":30},"end":{"line":11,"column":55}},"9":{"start":{"line":13,"column":2},"end":{"line":17,"column":15}},"10":{"start":{"line":14,"column":4},"end":{"line":16,"column":null}},"11":{"start":{"line":15,"column":6},"end":{"line":15,"column":17}},"12":{"start":{"line":19,"column":49},"end":{"line":22,"column":4}},"13":{"start":{"line":24,"column":2},"end":{"line":29,"column":4}},"14":{"start":{"line":8,"column":13},"end":{"line":8,"column":30}}},"fnMap":{"0":{"name":"(anonymous_0)","decl":{"start":{"line":8,"column":30},"end":{"line":8,"column":33}},"loc":{"start":{"line":8,"column":35},"end":{"line":30,"column":1}}},"1":{"name":"(anonymous_1)","decl":{"start":{"line":13,"column":12},"end":{"line":13,"column":15}},"loc":{"start":{"line":13,"column":17},"end":{"line":17,"column":3}}}},"branchMap":{"0":{"loc":{"start":{"line":14,"column":4},"end":{"line":16,"column":null}},"type":"if","locations":[{"start":{"line":14,"column":4},"end":{"line":16,"column":null}}]}},"s":{"0":0,"1":0,"2":0,"3":0,"4":0,"5":0,"6":0,"7":0,"8":0,"9":0,"10":0,"11":0,"12":0,"13":0,"14":0},"f":{"0":0,"1":0},"b":{"0":[0]}}
,"/Users/romulo.bordezani/workspace/swapi-client/packages/host/src/pages/people/PeopleDisplayer.tsx": {"path":"/Users/romulo.bordezani/workspace/swapi-client/packages/host/src/pages/people/PeopleDisplayer.tsx","statementMap":{"0":{"start":{"line":1,"column":0},"end":{"line":1,"column":37}},"1":{"start":{"line":3,"column":0},"end":{"line":3,"column":39}},"2":{"start":{"line":4,"column":0},"end":{"line":4,"column":47}},"3":{"start":{"line":6,"column":0},"end":{"line":6,"column":66}},"4":{"start":{"line":7,"column":0},"end":{"line":7,"column":101}},"5":{"start":{"line":8,"column":0},"end":{"line":8,"column":50}},"6":{"start":{"line":9,"column":0},"end":{"line":9,"column":68}},"7":{"start":{"line":17,"column":50},"end":{"line":51,"column":1}},"8":{"start":{"line":18,"column":19},"end":{"line":18,"column":32}},"9":{"start":{"line":20,"column":2},"end":{"line":50,"column":4}},"10":{"start":{"line":32,"column":10},"end":{"line":32,"column":44}},"11":{"start":{"line":39,"column":12},"end":{"line":39,"column":41}},"12":{"start":{"line":40,"column":12},"end":{"line":40,"column":63}},"13":{"start":{"line":53,"column":13},"end":{"line":86,"column":2}}},"fnMap":{"0":{"name":"(anonymous_1)","decl":{"start":{"line":17,"column":50},"end":{"line":17,"column":51}},"loc":{"start":{"line":17,"column":74},"end":{"line":51,"column":1}}},"1":{"name":"(anonymous_2)","decl":{"start":{"line":31,"column":17},"end":{"line":31,"column":20}},"loc":{"start":{"line":31,"column":22},"end":{"line":33,"column":9}}},"2":{"name":"(anonymous_3)","decl":{"start":{"line":38,"column":19},"end":{"line":38,"column":20}},"loc":{"start":{"line":38,"column":41},"end":{"line":41,"column":11}}}},"branchMap":{},"s":{"0":0,"1":0,"2":0,"3":0,"4":0,"5":0,"6":0,"7":0,"8":0,"9":0,"10":0,"11":0,"12":0,"13":0},"f":{"0":0,"1":0,"2":0},"b":{}}
,"/Users/romulo.bordezani/workspace/swapi-client/packages/host/src/pages/people/PeopleFeatured.page.tsx": {"path":"/Users/romulo.bordezani/workspace/swapi-client/packages/host/src/pages/people/PeopleFeatured.page.tsx","statementMap":{"0":{"start":{"line":1,"column":0},"end":{"line":1,"column":45}},"1":{"start":{"line":2,"column":0},"end":{"line":2,"column":58}},"2":{"start":{"line":3,"column":0},"end":{"line":3,"column":77}},"3":{"start":{"line":4,"column":0},"end":{"line":4,"column":58}},"4":{"start":{"line":6,"column":0},"end":{"line":6,"column":87}},"5":{"start":{"line":7,"column":0},"end":{"line":7,"column":58}},"6":{"start":{"line":8,"column":0},"end":{"line":8,"column":46}},"7":{"start":{"line":9,"column":0},"end":{"line":9,"column":37}},"8":{"start":{"line":11,"column":34},"end":{"line":57,"column":1}},"9":{"start":{"line":12,"column":17},"end":{"line":12,"column":28}},"10":{"start":{"line":13,"column":21},"end":{"line":13,"column":31}},"11":{"start":{"line":14,"column":37},"end":{"line":14,"column":70}},"12":{"start":{"line":16,"column":2},"end":{"line":18,"column":null}},"13":{"start":{"line":17,"column":4},"end":{"line":17,"column":22}},"14":{"start":{"line":20,"column":2},"end":{"line":22,"column":null}},"15":{"start":{"line":21,"column":4},"end":{"line":21,"column":33}},"16":{"start":{"line":24,"column":2},"end":{"line":56,"column":4}},"17":{"start":{"line":45,"column":12},"end":{"line":45,"column":41}},"18":{"start":{"line":46,"column":12},"end":{"line":46,"column":63}},"19":{"start":{"line":11,"column":13},"end":{"line":11,"column":34}}},"fnMap":{"0":{"name":"(anonymous_0)","decl":{"start":{"line":11,"column":34},"end":{"line":11,"column":37}},"loc":{"start":{"line":11,"column":39},"end":{"line":57,"column":1}}},"1":{"name":"(anonymous_1)","decl":{"start":{"line":44,"column":19},"end":{"line":44,"column":20}},"loc":{"start":{"line":44,"column":41},"end":{"line":47,"column":11}}}},"branchMap":{"0":{"loc":{"start":{"line":16,"column":2},"end":{"line":18,"column":null}},"type":"if","locations":[{"start":{"line":16,"column":2},"end":{"line":18,"column":null}}]},"1":{"loc":{"start":{"line":20,"column":2},"end":{"line":22,"column":null}},"type":"if","locations":[{"start":{"line":20,"column":2},"end":{"line":22,"column":null}}]},"2":{"loc":{"start":{"line":20,"column":6},"end":{"line":20,"column":20}},"type":"binary-expr","locations":[{"start":{"line":20,"column":6},"end":{"line":20,"column":11}},{"start":{"line":20,"column":15},"end":{"line":20,"column":20}}]}},"s":{"0":0,"1":0,"2":0,"3":0,"4":0,"5":0,"6":0,"7":0,"8":0,"9":0,"10":0,"11":0,"12":0,"13":0,"14":0,"15":0,"16":0,"17":0,"18":0,"19":0},"f":{"0":0,"1":0},"b":{"0":[0],"1":[0],"2":[0,0]}}
,"/Users/romulo.bordezani/workspace/swapi-client/packages/host/src/pages/people/index.ts": {"path":"/Users/romulo.bordezani/workspace/swapi-client/packages/host/src/pages/people/index.ts","statementMap":{"0":{"start":{"line":1,"column":0},"end":{"line":1,"column":30}},"1":{"start":{"line":2,"column":0},"end":{"line":2,"column":38}}},"fnMap":{},"branchMap":{},"s":{"0":0,"1":0},"f":{},"b":{}}
,"/Users/romulo.bordezani/workspace/swapi-client/packages/host/src/pages/planets/PlanetDisplayer.tsx": {"path":"/Users/romulo.bordezani/workspace/swapi-client/packages/host/src/pages/planets/PlanetDisplayer.tsx","statementMap":{"0":{"start":{"line":1,"column":0},"end":{"line":1,"column":37}},"1":{"start":{"line":3,"column":0},"end":{"line":3,"column":39}},"2":{"start":{"line":4,"column":0},"end":{"line":4,"column":47}},"3":{"start":{"line":6,"column":0},"end":{"line":6,"column":66}},"4":{"start":{"line":8,"column":0},"end":{"line":8,"column":101}},"5":{"start":{"line":9,"column":0},"end":{"line":9,"column":50}},"6":{"start":{"line":17,"column":50},"end":{"line":49,"column":1}},"7":{"start":{"line":18,"column":19},"end":{"line":18,"column":32}},"8":{"start":{"line":20,"column":2},"end":{"line":48,"column":4}},"9":{"start":{"line":33,"column":12},"end":{"line":33,"column":46}},"10":{"start":{"line":40,"column":14},"end":{"line":40,"column":43}},"11":{"start":{"line":41,"column":14},"end":{"line":41,"column":65}},"12":{"start":{"line":51,"column":13},"end":{"line":66,"column":2}}},"fnMap":{"0":{"name":"(anonymous_1)","decl":{"start":{"line":17,"column":50},"end":{"line":17,"column":51}},"loc":{"start":{"line":17,"column":81},"end":{"line":49,"column":1}}},"1":{"name":"(anonymous_2)","decl":{"start":{"line":32,"column":19},"end":{"line":32,"column":22}},"loc":{"start":{"line":32,"column":24},"end":{"line":34,"column":11}}},"2":{"name":"(anonymous_3)","decl":{"start":{"line":39,"column":21},"end":{"line":39,"column":22}},"loc":{"start":{"line":39,"column":43},"end":{"line":42,"column":13}}}},"branchMap":{},"s":{"0":0,"1":0,"2":0,"3":0,"4":0,"5":0,"6":0,"7":0,"8":0,"9":0,"10":0,"11":0,"12":0},"f":{"0":0,"1":0,"2":0},"b":{}}
,"/Users/romulo.bordezani/workspace/swapi-client/packages/host/src/pages/planets/PlanetFeaturedPage.tsx": {"path":"/Users/romulo.bordezani/workspace/swapi-client/packages/host/src/pages/planets/PlanetFeaturedPage.tsx","statementMap":{"0":{"start":{"line":1,"column":0},"end":{"line":1,"column":45}},"1":{"start":{"line":2,"column":0},"end":{"line":2,"column":58}},"2":{"start":{"line":3,"column":0},"end":{"line":3,"column":77}},"3":{"start":{"line":4,"column":0},"end":{"line":4,"column":58}},"4":{"start":{"line":6,"column":0},"end":{"line":6,"column":87}},"5":{"start":{"line":7,"column":0},"end":{"line":7,"column":58}},"6":{"start":{"line":8,"column":0},"end":{"line":8,"column":46}},"7":{"start":{"line":9,"column":0},"end":{"line":9,"column":37}},"8":{"start":{"line":11,"column":34},"end":{"line":58,"column":1}},"9":{"start":{"line":12,"column":17},"end":{"line":12,"column":28}},"10":{"start":{"line":13,"column":21},"end":{"line":13,"column":31}},"11":{"start":{"line":14,"column":37},"end":{"line":14,"column":70}},"12":{"start":{"line":16,"column":2},"end":{"line":18,"column":null}},"13":{"start":{"line":17,"column":4},"end":{"line":17,"column":22}},"14":{"start":{"line":20,"column":2},"end":{"line":22,"column":null}},"15":{"start":{"line":21,"column":4},"end":{"line":21,"column":33}},"16":{"start":{"line":24,"column":2},"end":{"line":57,"column":4}},"17":{"start":{"line":46,"column":12},"end":{"line":46,"column":41}},"18":{"start":{"line":47,"column":12},"end":{"line":47,"column":63}},"19":{"start":{"line":11,"column":13},"end":{"line":11,"column":34}}},"fnMap":{"0":{"name":"(anonymous_0)","decl":{"start":{"line":11,"column":34},"end":{"line":11,"column":37}},"loc":{"start":{"line":11,"column":39},"end":{"line":58,"column":1}}},"1":{"name":"(anonymous_1)","decl":{"start":{"line":45,"column":19},"end":{"line":45,"column":20}},"loc":{"start":{"line":45,"column":41},"end":{"line":48,"column":11}}}},"branchMap":{"0":{"loc":{"start":{"line":16,"column":2},"end":{"line":18,"column":null}},"type":"if","locations":[{"start":{"line":16,"column":2},"end":{"line":18,"column":null}}]},"1":{"loc":{"start":{"line":20,"column":2},"end":{"line":22,"column":null}},"type":"if","locations":[{"start":{"line":20,"column":2},"end":{"line":22,"column":null}}]},"2":{"loc":{"start":{"line":20,"column":6},"end":{"line":20,"column":20}},"type":"binary-expr","locations":[{"start":{"line":20,"column":6},"end":{"line":20,"column":11}},{"start":{"line":20,"column":15},"end":{"line":20,"column":20}}]}},"s":{"0":0,"1":0,"2":0,"3":0,"4":0,"5":0,"6":0,"7":0,"8":0,"9":0,"10":0,"11":0,"12":0,"13":0,"14":0,"15":0,"16":0,"17":0,"18":0,"19":0},"f":{"0":0,"1":0},"b":{"0":[0],"1":[0],"2":[0,0]}}
,"/Users/romulo.bordezani/workspace/swapi-client/packages/host/src/pages/planets/PlanetPage.tsx": {"path":"/Users/romulo.bordezani/workspace/swapi-client/packages/host/src/pages/planets/PlanetPage.tsx","statementMap":{"0":{"start":{"line":1,"column":0},"end":{"line":1,"column":51}},"1":{"start":{"line":2,"column":0},"end":{"line":2,"column":58}},"2":{"start":{"line":3,"column":0},"end":{"line":3,"column":46}},"3":{"start":{"line":5,"column":0},"end":{"line":5,"column":49}},"4":{"start":{"line":7,"column":0},"end":{"line":7,"column":73}},"5":{"start":{"line":9,"column":26},"end":{"line":31,"column":1}},"6":{"start":{"line":10,"column":26},"end":{"line":10,"column":45}},"7":{"start":{"line":11,"column":30},"end":{"line":11,"column":50}},"8":{"start":{"line":12,"column":30},"end":{"line":12,"column":55}},"9":{"start":{"line":14,"column":2},"end":{"line":18,"column":15}},"10":{"start":{"line":15,"column":4},"end":{"line":17,"column":null}},"11":{"start":{"line":16,"column":6},"end":{"line":16,"column":17}},"12":{"start":{"line":20,"column":49},"end":{"line":23,"column":4}},"13":{"start":{"line":25,"column":2},"end":{"line":30,"column":4}},"14":{"start":{"line":9,"column":13},"end":{"line":9,"column":26}},"15":{"start":{"line":33,"column":0},"end":{"line":33,"column":26}}},"fnMap":{"0":{"name":"(anonymous_0)","decl":{"start":{"line":9,"column":26},"end":{"line":9,"column":29}},"loc":{"start":{"line":9,"column":31},"end":{"line":31,"column":1}}},"1":{"name":"(anonymous_1)","decl":{"start":{"line":14,"column":12},"end":{"line":14,"column":15}},"loc":{"start":{"line":14,"column":17},"end":{"line":18,"column":3}}}},"branchMap":{"0":{"loc":{"start":{"line":15,"column":4},"end":{"line":17,"column":null}},"type":"if","locations":[{"start":{"line":15,"column":4},"end":{"line":17,"column":null}}]}},"s":{"0":0,"1":0,"2":0,"3":0,"4":0,"5":0,"6":0,"7":0,"8":0,"9":0,"10":0,"11":0,"12":0,"13":0,"14":0,"15":0},"f":{"0":0,"1":0},"b":{"0":[0]}}
,"/Users/romulo.bordezani/workspace/swapi-client/packages/host/src/pages/planets/index.ts": {"path":"/Users/romulo.bordezani/workspace/swapi-client/packages/host/src/pages/planets/index.ts","statementMap":{"0":{"start":{"line":1,"column":0},"end":{"line":1,"column":29}}},"fnMap":{},"branchMap":{},"s":{"0":0},"f":{},"b":{}}
,"/Users/romulo.bordezani/workspace/swapi-client/packages/host/src/pages/species/Species.page.tsx": {"path":"/Users/romulo.bordezani/workspace/swapi-client/packages/host/src/pages/species/Species.page.tsx","statementMap":{"0":{"start":{"line":1,"column":0},"end":{"line":1,"column":55}},"1":{"start":{"line":2,"column":0},"end":{"line":2,"column":58}},"2":{"start":{"line":3,"column":0},"end":{"line":3,"column":47}},"3":{"start":{"line":4,"column":0},"end":{"line":4,"column":49}},"4":{"start":{"line":6,"column":0},"end":{"line":6,"column":73}},"5":{"start":{"line":8,"column":31},"end":{"line":30,"column":1}},"6":{"start":{"line":9,"column":26},"end":{"line":9,"column":45}},"7":{"start":{"line":10,"column":30},"end":{"line":10,"column":50}},"8":{"start":{"line":11,"column":30},"end":{"line":11,"column":55}},"9":{"start":{"line":13,"column":2},"end":{"line":17,"column":15}},"10":{"start":{"line":14,"column":4},"end":{"line":16,"column":null}},"11":{"start":{"line":15,"column":6},"end":{"line":15,"column":17}},"12":{"start":{"line":19,"column":49},"end":{"line":22,"column":4}},"13":{"start":{"line":24,"column":2},"end":{"line":29,"column":4}},"14":{"start":{"line":8,"column":13},"end":{"line":8,"column":31}}},"fnMap":{"0":{"name":"(anonymous_0)","decl":{"start":{"line":8,"column":31},"end":{"line":8,"column":34}},"loc":{"start":{"line":8,"column":36},"end":{"line":30,"column":1}}},"1":{"name":"(anonymous_1)","decl":{"start":{"line":13,"column":12},"end":{"line":13,"column":15}},"loc":{"start":{"line":13,"column":17},"end":{"line":17,"column":3}}}},"branchMap":{"0":{"loc":{"start":{"line":14,"column":4},"end":{"line":16,"column":null}},"type":"if","locations":[{"start":{"line":14,"column":4},"end":{"line":16,"column":null}}]}},"s":{"0":0,"1":0,"2":0,"3":0,"4":0,"5":0,"6":0,"7":0,"8":0,"9":0,"10":0,"11":0,"12":0,"13":0,"14":0},"f":{"0":0,"1":0},"b":{"0":[0]}}
,"/Users/romulo.bordezani/workspace/swapi-client/packages/host/src/pages/species/SpeciesDisplayer.tsx": {"path":"/Users/romulo.bordezani/workspace/swapi-client/packages/host/src/pages/species/SpeciesDisplayer.tsx","statementMap":{"0":{"start":{"line":1,"column":0},"end":{"line":1,"column":37}},"1":{"start":{"line":3,"column":0},"end":{"line":3,"column":39}},"2":{"start":{"line":4,"column":0},"end":{"line":4,"column":47}},"3":{"start":{"line":6,"column":0},"end":{"line":6,"column":67}},"4":{"start":{"line":7,"column":0},"end":{"line":7,"column":101}},"5":{"start":{"line":8,"column":0},"end":{"line":8,"column":50}},"6":{"start":{"line":9,"column":0},"end":{"line":9,"column":68}},"7":{"start":{"line":17,"column":52},"end":{"line":50,"column":1}},"8":{"start":{"line":18,"column":19},"end":{"line":18,"column":32}},"9":{"start":{"line":20,"column":2},"end":{"line":49,"column":4}},"10":{"start":{"line":32,"column":10},"end":{"line":32,"column":44}},"11":{"start":{"line":39,"column":12},"end":{"line":39,"column":41}},"12":{"start":{"line":40,"column":12},"end":{"line":40,"column":63}},"13":{"start":{"line":52,"column":13},"end":{"line":85,"column":2}}},"fnMap":{"0":{"name":"(anonymous_1)","decl":{"start":{"line":17,"column":52},"end":{"line":17,"column":53}},"loc":{"start":{"line":17,"column":76},"end":{"line":50,"column":1}}},"1":{"name":"(anonymous_2)","decl":{"start":{"line":31,"column":17},"end":{"line":31,"column":20}},"loc":{"start":{"line":31,"column":22},"end":{"line":33,"column":9}}},"2":{"name":"(anonymous_3)","decl":{"start":{"line":38,"column":19},"end":{"line":38,"column":20}},"loc":{"start":{"line":38,"column":41},"end":{"line":41,"column":11}}}},"branchMap":{},"s":{"0":0,"1":0,"2":0,"3":0,"4":0,"5":0,"6":0,"7":0,"8":0,"9":0,"10":0,"11":0,"12":0,"13":0},"f":{"0":0,"1":0,"2":0},"b":{}}
,"/Users/romulo.bordezani/workspace/swapi-client/packages/host/src/pages/species/SpeciesFeatured.page.tsx": {"path":"/Users/romulo.bordezani/workspace/swapi-client/packages/host/src/pages/species/SpeciesFeatured.page.tsx","statementMap":{"0":{"start":{"line":1,"column":0},"end":{"line":1,"column":45}},"1":{"start":{"line":2,"column":0},"end":{"line":2,"column":58}},"2":{"start":{"line":3,"column":0},"end":{"line":3,"column":77}},"3":{"start":{"line":4,"column":0},"end":{"line":4,"column":58}},"4":{"start":{"line":6,"column":0},"end":{"line":6,"column":87}},"5":{"start":{"line":7,"column":0},"end":{"line":7,"column":58}},"6":{"start":{"line":8,"column":0},"end":{"line":8,"column":46}},"7":{"start":{"line":9,"column":0},"end":{"line":9,"column":37}},"8":{"start":{"line":11,"column":35},"end":{"line":55,"column":1}},"9":{"start":{"line":12,"column":17},"end":{"line":12,"column":28}},"10":{"start":{"line":13,"column":21},"end":{"line":13,"column":31}},"11":{"start":{"line":14,"column":37},"end":{"line":14,"column":70}},"12":{"start":{"line":16,"column":2},"end":{"line":18,"column":null}},"13":{"start":{"line":17,"column":4},"end":{"line":17,"column":22}},"14":{"start":{"line":20,"column":2},"end":{"line":22,"column":null}},"15":{"start":{"line":21,"column":4},"end":{"line":21,"column":33}},"16":{"start":{"line":24,"column":2},"end":{"line":54,"column":4}},"17":{"start":{"line":45,"column":12},"end":{"line":45,"column":41}},"18":{"start":{"line":46,"column":12},"end":{"line":46,"column":63}},"19":{"start":{"line":11,"column":13},"end":{"line":11,"column":35}}},"fnMap":{"0":{"name":"(anonymous_0)","decl":{"start":{"line":11,"column":35},"end":{"line":11,"column":38}},"loc":{"start":{"line":11,"column":40},"end":{"line":55,"column":1}}},"1":{"name":"(anonymous_1)","decl":{"start":{"line":44,"column":19},"end":{"line":44,"column":20}},"loc":{"start":{"line":44,"column":41},"end":{"line":47,"column":11}}}},"branchMap":{"0":{"loc":{"start":{"line":16,"column":2},"end":{"line":18,"column":null}},"type":"if","locations":[{"start":{"line":16,"column":2},"end":{"line":18,"column":null}}]},"1":{"loc":{"start":{"line":20,"column":2},"end":{"line":22,"column":null}},"type":"if","locations":[{"start":{"line":20,"column":2},"end":{"line":22,"column":null}}]},"2":{"loc":{"start":{"line":20,"column":6},"end":{"line":20,"column":20}},"type":"binary-expr","locations":[{"start":{"line":20,"column":6},"end":{"line":20,"column":11}},{"start":{"line":20,"column":15},"end":{"line":20,"column":20}}]}},"s":{"0":0,"1":0,"2":0,"3":0,"4":0,"5":0,"6":0,"7":0,"8":0,"9":0,"10":0,"11":0,"12":0,"13":0,"14":0,"15":0,"16":0,"17":0,"18":0,"19":0},"f":{"0":0,"1":0},"b":{"0":[0],"1":[0],"2":[0,0]}}
,"/Users/romulo.bordezani/workspace/swapi-client/packages/host/src/pages/species/index.ts": {"path":"/Users/romulo.bordezani/workspace/swapi-client/packages/host/src/pages/species/index.ts","statementMap":{"0":{"start":{"line":1,"column":0},"end":{"line":1,"column":31}},"1":{"start":{"line":2,"column":0},"end":{"line":2,"column":39}}},"fnMap":{},"branchMap":{},"s":{"0":0,"1":0},"f":{},"b":{}}
,"/Users/romulo.bordezani/workspace/swapi-client/packages/host/src/pages/starships/Starships.page.tsx": {"path":"/Users/romulo.bordezani/workspace/swapi-client/packages/host/src/pages/starships/Starships.page.tsx","statementMap":{"0":{"start":{"line":1,"column":0},"end":{"line":1,"column":55}},"1":{"start":{"line":2,"column":0},"end":{"line":2,"column":60}},"2":{"start":{"line":3,"column":0},"end":{"line":3,"column":49}},"3":{"start":{"line":4,"column":0},"end":{"line":4,"column":49}},"4":{"start":{"line":6,"column":0},"end":{"line":6,"column":73}},"5":{"start":{"line":8,"column":33},"end":{"line":30,"column":1}},"6":{"start":{"line":9,"column":26},"end":{"line":9,"column":45}},"7":{"start":{"line":10,"column":30},"end":{"line":10,"column":50}},"8":{"start":{"line":11,"column":30},"end":{"line":11,"column":55}},"9":{"start":{"line":13,"column":2},"end":{"line":17,"column":15}},"10":{"start":{"line":14,"column":4},"end":{"line":16,"column":null}},"11":{"start":{"line":15,"column":6},"end":{"line":15,"column":17}},"12":{"start":{"line":19,"column":49},"end":{"line":22,"column":4}},"13":{"start":{"line":24,"column":2},"end":{"line":29,"column":4}},"14":{"start":{"line":8,"column":13},"end":{"line":8,"column":33}}},"fnMap":{"0":{"name":"(anonymous_0)","decl":{"start":{"line":8,"column":33},"end":{"line":8,"column":36}},"loc":{"start":{"line":8,"column":38},"end":{"line":30,"column":1}}},"1":{"name":"(anonymous_1)","decl":{"start":{"line":13,"column":12},"end":{"line":13,"column":15}},"loc":{"start":{"line":13,"column":17},"end":{"line":17,"column":3}}}},"branchMap":{"0":{"loc":{"start":{"line":14,"column":4},"end":{"line":16,"column":null}},"type":"if","locations":[{"start":{"line":14,"column":4},"end":{"line":16,"column":null}}]}},"s":{"0":0,"1":0,"2":0,"3":0,"4":0,"5":0,"6":0,"7":0,"8":0,"9":0,"10":0,"11":0,"12":0,"13":0,"14":0},"f":{"0":0,"1":0},"b":{"0":[0]}}
,"/Users/romulo.bordezani/workspace/swapi-client/packages/host/src/pages/starships/StarshipsDisplayer.tsx": {"path":"/Users/romulo.bordezani/workspace/swapi-client/packages/host/src/pages/starships/StarshipsDisplayer.tsx","statementMap":{"0":{"start":{"line":1,"column":0},"end":{"line":1,"column":37}},"1":{"start":{"line":3,"column":0},"end":{"line":3,"column":39}},"2":{"start":{"line":4,"column":0},"end":{"line":4,"column":47}},"3":{"start":{"line":6,"column":0},"end":{"line":6,"column":68}},"4":{"start":{"line":7,"column":0},"end":{"line":7,"column":101}},"5":{"start":{"line":8,"column":0},"end":{"line":8,"column":50}},"6":{"start":{"line":9,"column":0},"end":{"line":9,"column":68}},"7":{"start":{"line":17,"column":56},"end":{"line":49,"column":1}},"8":{"start":{"line":18,"column":19},"end":{"line":18,"column":32}},"9":{"start":{"line":20,"column":2},"end":{"line":48,"column":4}},"10":{"start":{"line":31,"column":10},"end":{"line":31,"column":44}},"11":{"start":{"line":38,"column":12},"end":{"line":38,"column":41}},"12":{"start":{"line":39,"column":12},"end":{"line":39,"column":63}},"13":{"start":{"line":51,"column":13},"end":{"line":84,"column":2}}},"fnMap":{"0":{"name":"(anonymous_1)","decl":{"start":{"line":17,"column":56},"end":{"line":17,"column":57}},"loc":{"start":{"line":17,"column":80},"end":{"line":49,"column":1}}},"1":{"name":"(anonymous_2)","decl":{"start":{"line":30,"column":17},"end":{"line":30,"column":20}},"loc":{"start":{"line":30,"column":22},"end":{"line":32,"column":9}}},"2":{"name":"(anonymous_3)","decl":{"start":{"line":37,"column":19},"end":{"line":37,"column":20}},"loc":{"start":{"line":37,"column":41},"end":{"line":40,"column":11}}}},"branchMap":{},"s":{"0":0,"1":0,"2":0,"3":0,"4":0,"5":0,"6":0,"7":0,"8":0,"9":0,"10":0,"11":0,"12":0,"13":0},"f":{"0":0,"1":0,"2":0},"b":{}}
[...]
,"/Users/romulo.bordezani/workspace/swapi-client/packages/host/src/pages/vehicles/VehiclesDisplayer.tsx": {"path":"/Users/romulo.bordezani/workspace/swapi-client/packages/host/src/pages/vehicles/VehiclesDisplayer.tsx","statementMap":{"0":{"start":{"line":1,"column":0},"end":{"line":1,"column":37}},"1":{"start":{"line":3,"column":0},"end":{"line":3,"column":39}},"2":{"start":{"line":4,"column":0},"end":{"line":4,"column":47}},"3":{"start":{"line":6,"column":0},"end":{"line":6,"column":67}},"4":{"start":{"line":7,"column":0},"end":{"line":7,"column":101}},"5":{"start":{"line":8,"column":0},"end":{"line":8,"column":50}},"6":{"start":{"line":9,"column":0},"end":{"line":9,"column":68}},"7":{"start":{"line":17,"column":54},"end":{"line":49,"column":1}},"8":{"start":{"line":18,"column":19},"end":{"line":18,"column":32}},"9":{"start":{"line":20,"column":2},"end":{"line":48,"column":4}},"10":{"start":{"line":31,"column":10},"end":{"line":31,"column":44}},"11":{"start":{"line":38,"column":12},"end":{"line":38,"column":41}},"12":{"start":{"line":39,"column":12},"end":{"line":39,"column":63}},"13":{"start":{"line":51,"column":13},"end":{"line":84,"column":2}}},"fnMap":{"0":{"name":"(anonymous_1)","decl":{"start":{"line":17,"column":54},"end":{"line":17,"column":55}},"loc":{"start":{"line":17,"column":78},"end":{"line":49,"column":1}}},"1":{"name":"(anonymous_2)","decl":{"start":{"line":30,"column":17},"end":{"line":30,"column":20}},"loc":{"start":{"line":30,"column":22},"end":{"line":32,"column":9}}},"2":{"name":"(anonymous_3)","decl":{"start":{"line":37,"column":19},"end":{"line":37,"column":20}},"loc":{"start":{"line":37,"column":41},"end":{"line":40,"column":11}}}},"branchMap":{},"s":{"0":0,"1":0,"2":0,"3":0,"4":0,"5":0,"6":0,"7":0,"8":0,"9":0,"10":0,"11":0,"12":0,"13":0},"f":{"0":0,"1":0,"2":0},"b":{}}
,"/Users/romulo.bordezani/workspace/swapi-client/packages/host/src/pages/vehicles/VehiclesFeatured.page.tsx": {"path":"/Users/romulo.bordezani/workspace/swapi-client/packages/host/src/pages/vehicles/VehiclesFeatured.page.tsx","statementMap":{"0":{"start":{"line":1,"column":0},"end":{"line":1,"column":45}},"1":{"start":{"line":2,"column":0},"end":{"line":2,"column":59}},"2":{"start":{"line":3,"column":0},"end":{"line":3,"column":77}},"3":{"start":{"line":4,"column":0},"end":{"line":4,"column":58}},"4":{"start":{"line":6,"column":0},"end":{"line":6,"column":87}},"5":{"start":{"line":7,"column":0},"end":{"line":7,"column":58}},"6":{"start":{"line":8,"column":0},"end":{"line":8,"column":46}},"7":{"start":{"line":9,"column":0},"end":{"line":9,"column":37}},"8":{"start":{"line":11,"column":36},"end":{"line":55,"column":1}},"9":{"start":{"line":12,"column":17},"end":{"line":12,"column":28}},"10":{"start":{"line":13,"column":21},"end":{"line":13,"column":31}},"11":{"start":{"line":14,"column":37},"end":{"line":14,"column":71}},"12":{"start":{"line":16,"column":2},"end":{"line":18,"column":null}},"13":{"start":{"line":17,"column":4},"end":{"line":17,"column":22}},"14":{"start":{"line":20,"column":2},"end":{"line":22,"column":null}},"15":{"start":{"line":21,"column":4},"end":{"line":21,"column":33}},"16":{"start":{"line":24,"column":2},"end":{"line":54,"column":4}},"17":{"start":{"line":45,"column":12},"end":{"line":45,"column":41}},"18":{"start":{"line":46,"column":12},"end":{"line":46,"column":63}},"19":{"start":{"line":11,"column":13},"end":{"line":11,"column":36}}},"fnMap":{"0":{"name":"(anonymous_0)","decl":{"start":{"line":11,"column":36},"end":{"line":11,"column":39}},"loc":{"start":{"line":11,"column":41},"end":{"line":55,"column":1}}},"1":{"name":"(anonymous_1)","decl":{"start":{"line":44,"column":19},"end":{"line":44,"column":20}},"loc":{"start":{"line":44,"column":41},"end":{"line":47,"column":11}}}},"branchMap":{"0":{"loc":{"start":{"line":16,"column":2},"end":{"line":18,"column":null}},"type":"if","locations":[{"start":{"line":16,"column":2},"end":{"line":18,"column":null}}]},"1":{"loc":{"start":{"line":20,"column":2},"end":{"line":22,"column":null}},"type":"if","locations":[{"start":{"line":20,"column":2},"end":{"line":22,"column":null}}]},"2":{"loc":{"start":{"line":20,"column":6},"end":{"line":20,"column":20}},"type":"binary-expr","locations":[{"start":{"line":20,"column":6},"end":{"line":20,"column":11}},{"start":{"line":20,"column":15},"end":{"line":20,"column":20}}]}},"s":{"0":0,"1":0,"2":0,"3":0,"4":0,"5":0,"6":0,"7":0,"8":0,"9":0,"10":0,"11":0,"12":0,"13":0,"14":0,"15":0,"16":0,"17":0,"18":0,"19":0},"f":{"0":0,"1":0},"b":{"0":[0],"1":[0],"2":[0,0]}}
,"/Users/romulo.bordezani/workspace/swapi-client/packages/host/src/pages/vehicles/index.ts": {"path":"/Users/romulo.bordezani/workspace/swapi-client/packages/host/src/pages/vehicles/index.ts","statementMap":{"0":{"start":{"line":1,"column":0},"end":{"line":1,"column":32}},"1":{"start":{"line":2,"column":0},"end":{"line":2,"column":40}}},"fnMap":{},"branchMap":{},"s":{"0":0,"1":0},"f":{},"b":{}}
,"/Users/romulo.bordezani/workspace/swapi-client/packages/host/src/redux/hooks.ts": {"path":"/Users/romulo.bordezani/workspace/swapi-client/packages/host/src/redux/hooks.ts","statementMap":{"0":{"start":{"line":1,"column":0},"end":{"line":1,"column":77}},"1":{"start":{"line":2,"column":0},"end":{"line":2,"column":44}},"2":{"start":{"line":6,"column":13},"end":{"line":6,"column":61}},"3":{"start":{"line":7,"column":13},"end":{"line":7,"column":75}},"4":{"start":{"line":9,"column":2},"end":{"line":38,"column":12}}},"fnMap":{},"branchMap":{},"s":{"0":0,"1":0,"2":0,"3":0,"4":0},"f":{},"b":{}}
,"/Users/romulo.bordezani/workspace/swapi-client/packages/host/src/redux/store.ts": {"path":"/Users/romulo.bordezani/workspace/swapi-client/packages/host/src/redux/store.ts","statementMap":{"0":{"start":{"line":1,"column":0},"end":{"line":1,"column":71}},"1":{"start":{"line":3,"column":0},"end":{"line":3,"column":53}},"2":{"start":{"line":4,"column":0},"end":{"line":4,"column":112}},"3":{"start":{"line":5,"column":0},"end":{"line":5,"column":44}},"4":{"start":{"line":6,"column":0},"end":{"line":6,"column":62}},"5":{"start":{"line":7,"column":0},"end":{"line":7,"column":56}},"6":{"start":{"line":9,"column":22},"end":{"line":12,"column":2}},"7":{"start":{"line":14,"column":32},"end":{"line":14,"column":77}},"8":{"start":{"line":16,"column":13},"end":{"line":27,"column":3}},"9":{"start":{"line":22,"column":4},"end":{"line":26,"column":33}},"10":{"start":{"line":33,"column":13},"end":{"line":33,"column":45}},"11":{"start":{"line":35,"column":0},"end":{"line":35,"column":31}}},"fnMap":{"0":{"name":"(anonymous_1)","decl":{"start":{"line":21,"column":14},"end":{"line":21,"column":15}},"loc":{"start":{"line":22,"column":4},"end":{"line":26,"column":33}}}},"branchMap":{},"s":{"0":0,"1":0,"2":0,"3":0,"4":0,"5":0,"6":0,"7":0,"8":0,"9":0,"10":0,"11":0},"f":{"0":0},"b":{}}
,"/Users/romulo.bordezani/workspace/swapi-client/packages/host/src/redux/features/popular/popular.slice.ts": {"path":"/Users/romulo.bordezani/workspace/swapi-client/packages/host/src/redux/features/popular/popular.slice.ts","statementMap":{"0":{"start":{"line":1,"column":0},"end":{"line":1,"column":47}},"1":{"start":{"line":4,"column":0},"end":{"line":4,"column":50}},"2":{"start":{"line":10,"column":37},"end":{"line":10,"column":50}},"3":{"start":{"line":12,"column":13},"end":{"line":33,"column":3}},"4":{"start":{"line":17,"column":26},"end":{"line":17,"column":103}},"5":{"start":{"line":17,"column":53},"end":{"line":17,"column":102}},"6":{"start":{"line":19,"column":36},"end":{"line":23,"column":8}},"7":{"start":{"line":25,"column":6},"end":{"line":28,"column":null}},"8":{"start":{"line":26,"column":8},"end":{"line":26,"column":31}},"9":{"start":{"line":27,"column":8},"end":{"line":27,"column":15}},"10":{"start":{"line":30,"column":6},"end":{"line":30,"column":37}},"11":{"start":{"line":35,"column":15},"end":{"line":35,"column":54}},"12":{"start":{"line":37,"column":0},"end":{"line":37,"column":36}}},"fnMap":{"0":{"name":"(anonymous_0)","decl":{"start":{"line":16,"column":19},"end":{"line":16,"column":20}},"loc":{"start":{"line":16,"column":104},"end":{"line":31,"column":5}}},"1":{"name":"(anonymous_1)","decl":{"start":{"line":17,"column":43},"end":{"line":17,"column":44}},"loc":{"start":{"line":17,"column":53},"end":{"line":17,"column":102}}}},"branchMap":{"0":{"loc":{"start":{"line":22,"column":15},"end":{"line":22,"column":63}},"type":"cond-expr","locations":[{"start":{"line":22,"column":29},"end":{"line":22,"column":59}},{"start":{"line":22,"column":62},"end":{"line":22,"column":63}}]},"1":{"loc":{"start":{"line":25,"column":6},"end":{"line":28,"column":null}},"type":"if","locations":[{"start":{"line":25,"column":6},"end":{"line":28,"column":null}}]}},"s":{"0":0,"1":0,"2":0,"3":0,"4":0,"5":0,"6":0,"7":0,"8":0,"9":0,"10":0,"11":0,"12":0},"f":{"0":0,"1":0},"b":{"0":[0,0],"1":[0]}}
,"/Users/romulo.bordezani/workspace/swapi-client/packages/host/src/services/swapi/index.ts": {"path":"/Users/romulo.bordezani/workspace/swapi-client/packages/host/src/services/swapi/index.ts","statementMap":{"0":{"start":{"line":1,"column":0},"end":{"line":1,"column":24}}},"fnMap":{},"branchMap":{},"s":{"0":0},"f":{},"b":{}}
,"/Users/romulo.bordezani/workspace/swapi-client/packages/host/src/services/swapi/swapi.tsx": {"path":"/Users/romulo.bordezani/workspace/swapi-client/packages/host/src/services/swapi/swapi.tsx","statementMap":{"0":{"start":{"line":1,"column":0},"end":{"line":1,"column":73}},"1":{"start":{"line":2,"column":0},"end":{"line":2,"column":117}},"2":{"start":{"line":4,"column":13},"end":{"line":123,"column":3}},"3":{"start":{"line":9,"column":27},"end":{"line":122,"column":4}},"4":{"start":{"line":11,"column":21},"end":{"line":11,"column":49}},"5":{"start":{"line":16,"column":8},"end":{"line":19,"column":null}},"6":{"start":{"line":17,"column":27},"end":{"line":17,"column":33}},"7":{"start":{"line":18,"column":10},"end":{"line":18,"column":54}},"8":{"start":{"line":20,"column":8},"end":{"line":20,"column":38}},"9":{"start":{"line":25,"column":35},"end":{"line":25,"column":88}},"10":{"start":{"line":30,"column":21},"end":{"line":30,"column":51}},"11":{"start":{"line":35,"column":8},"end":{"line":38,"column":null}},"12":{"start":{"line":36,"column":27},"end":{"line":36,"column":33}},"13":{"start":{"line":37,"column":10},"end":{"line":37,"column":56}},"14":{"start":{"line":39,"column":8},"end":{"line":39,"column":40}},"15":{"start":{"line":44,"column":35},"end":{"line":44,"column":90}},"16":{"start":{"line":49,"column":21},"end":{"line":49,"column":51}},"17":{"start":{"line":54,"column":8},"end":{"line":57,"column":null}},"18":{"start":{"line":55,"column":27},"end":{"line":55,"column":33}},"19":{"start":{"line":56,"column":10},"end":{"line":56,"column":56}},"20":{"start":{"line":58,"column":8},"end":{"line":58,"column":40}},"21":{"start":{"line":63,"column":35},"end":{"line":63,"column":90}},"22":{"start":{"line":68,"column":21},"end":{"line":68,"column":52}},"23":{"start":{"line":73,"column":8},"end":{"line":76,"column":null}},"24":{"start":{"line":74,"column":27},"end":{"line":74,"column":33}},"25":{"start":{"line":75,"column":10},"end":{"line":75,"column":57}},"26":{"start":{"line":77,"column":8},"end":{"line":77,"column":41}},"27":{"start":{"line":82,"column":35},"end":{"line":82,"column":91}},"28":{"start":{"line":87,"column":21},"end":{"line":87,"column":53}},"29":{"start":{"line":92,"column":8},"end":{"line":95,"column":null}},"30":{"start":{"line":93,"column":27},"end":{"line":93,"column":33}},"31":{"start":{"line":94,"column":10},"end":{"line":94,"column":58}},"32":{"start":{"line":96,"column":8},"end":{"line":96,"column":42}},"33":{"start":{"line":101,"column":35},"end":{"line":101,"column":92}},"34":{"start":{"line":106,"column":21},"end":{"line":106,"column":52}},"35":{"start":{"line":111,"column":8},"end":{"line":114,"column":null}},"36":{"start":{"line":112,"column":27},"end":{"line":112,"column":33}},"37":{"start":{"line":113,"column":10},"end":{"line":113,"column":57}},"38":{"start":{"line":115,"column":8},"end":{"line":115,"column":41}},"39":{"start":{"line":120,"column":35},"end":{"line":120,"column":91}}},"fnMap":{"0":{"name":"(anonymous_0)","decl":{"start":{"line":9,"column":13},"end":{"line":9,"column":14}},"loc":{"start":{"line":9,"column":27},"end":{"line":122,"column":4}}},"1":{"name":"(anonymous_1)","decl":{"start":{"line":11,"column":13},"end":{"line":11,"column":14}},"loc":{"start":{"line":11,"column":21},"end":{"line":11,"column":49}}},"2":{"name":"(anonymous_2)","decl":{"start":{"line":15,"column":13},"end":{"line":15,"column":14}},"loc":{"start":{"line":15,"column":24},"end":{"line":21,"column":7}}},"3":{"name":"(anonymous_3)","decl":{"start":{"line":25,"column":13},"end":{"line":25,"column":14}},"loc":{"start":{"line":25,"column":35},"end":{"line":25,"column":88}}},"4":{"name":"(anonymous_4)","decl":{"start":{"line":30,"column":13},"end":{"line":30,"column":14}},"loc":{"start":{"line":30,"column":21},"end":{"line":30,"column":51}}},"5":{"name":"(anonymous_5)","decl":{"start":{"line":34,"column":13},"end":{"line":34,"column":14}},"loc":{"start":{"line":34,"column":24},"end":{"line":40,"column":7}}},"6":{"name":"(anonymous_6)","decl":{"start":{"line":44,"column":13},"end":{"line":44,"column":14}},"loc":{"start":{"line":44,"column":35},"end":{"line":44,"column":90}}},"7":{"name":"(anonymous_7)","decl":{"start":{"line":49,"column":13},"end":{"line":49,"column":14}},"loc":{"start":{"line":49,"column":21},"end":{"line":49,"column":51}}},"8":{"name":"(anonymous_8)","decl":{"start":{"line":53,"column":13},"end":{"line":53,"column":14}},"loc":{"start":{"line":53,"column":24},"end":{"line":59,"column":7}}},"9":{"name":"(anonymous_9)","decl":{"start":{"line":63,"column":13},"end":{"line":63,"column":14}},"loc":{"start":{"line":63,"column":35},"end":{"line":63,"column":90}}},"10":{"name":"(anonymous_10)","decl":{"start":{"line":68,"column":13},"end":{"line":68,"column":14}},"loc":{"start":{"line":68,"column":21},"end":{"line":68,"column":52}}},"11":{"name":"(anonymous_11)","decl":{"start":{"line":72,"column":13},"end":{"line":72,"column":14}},"loc":{"start":{"line":72,"column":24},"end":{"line":78,"column":7}}},"12":{"name":"(anonymous_12)","decl":{"start":{"line":82,"column":13},"end":{"line":82,"column":14}},"loc":{"start":{"line":82,"column":35},"end":{"line":82,"column":91}}},"13":{"name":"(anonymous_13)","decl":{"start":{"line":87,"column":13},"end":{"line":87,"column":14}},"loc":{"start":{"line":87,"column":21},"end":{"line":87,"column":53}}},"14":{"name":"(anonymous_14)","decl":{"start":{"line":91,"column":13},"end":{"line":91,"column":14}},"loc":{"start":{"line":91,"column":24},"end":{"line":97,"column":7}}},"15":{"name":"(anonymous_15)","decl":{"start":{"line":101,"column":13},"end":{"line":101,"column":14}},"loc":{"start":{"line":101,"column":35},"end":{"line":101,"column":92}}},"16":{"name":"(anonymous_16)","decl":{"start":{"line":106,"column":13},"end":{"line":106,"column":14}},"loc":{"start":{"line":106,"column":21},"end":{"line":106,"column":52}}},"17":{"name":"(anonymous_17)","decl":{"start":{"line":110,"column":13},"end":{"line":110,"column":14}},"loc":{"start":{"line":110,"column":24},"end":{"line":116,"column":7}}},"18":{"name":"(anonymous_18)","decl":{"start":{"line":120,"column":13},"end":{"line":120,"column":14}},"loc":{"start":{"line":120,"column":35},"end":{"line":120,"column":91}}}},"branchMap":{"0":{"loc":{"start":{"line":16,"column":8},"end":{"line":19,"column":null}},"type":"if","locations":[{"start":{"line":16,"column":8},"end":{"line":19,"column":null}}]},"1":{"loc":{"start":{"line":35,"column":8},"end":{"line":38,"column":null}},"type":"if","locations":[{"start":{"line":35,"column":8},"end":{"line":38,"column":null}}]},"2":{"loc":{"start":{"line":54,"column":8},"end":{"line":57,"column":null}},"type":"if","locations":[{"start":{"line":54,"column":8},"end":{"line":57,"column":null}}]},"3":{"loc":{"start":{"line":73,"column":8},"end":{"line":76,"column":null}},"type":"if","locations":[{"start":{"line":73,"column":8},"end":{"line":76,"column":null}}]},"4":{"loc":{"start":{"line":92,"column":8},"end":{"line":95,"column":null}},"type":"if","locations":[{"start":{"line":92,"column":8},"end":{"line":95,"column":null}}]},"5":{"loc":{"start":{"line":111,"column":8},"end":{"line":114,"column":null}},"type":"if","locations":[{"start":{"line":111,"column":8},"end":{"line":114,"column":null}}]}},"s":{"0":0,"1":0,"2":0,"3":0,"4":0,"5":0,"6":0,"7":0,"8":0,"9":0,"10":0,"11":0,"12":0,"13":0,"14":0,"15":0,"16":0,"17":0,"18":0,"19":0,"20":0,"21":0,"22":0,"23":0,"24":0,"25":0,"26":0,"27":0,"28":0,"29":0,"30":0,"31":0,"32":0,"33":0,"34":0,"35":0,"36":0,"37":0,"38":0,"39":0},"f":{"0":0,"1":0,"2":0,"3":0,"4":0,"5":0,"6":0,"7":0,"8":0,"9":0,"10":0,"11":0,"12":0,"13":0,"14":0,"15":0,"16":0,"17":0,"18":0},"b":{"0":[0],"1":[0],"2":[0],"3":[0],"4":[0],"5":[0]}}
,"/Users/romulo.bordezani/workspace/swapi-client/packages/host/src/services/swapi/types/ResourceType.enum.ts": {"path":"/Users/romulo.bordezani/workspace/swapi-client/packages/host/src/services/swapi/types/ResourceType.enum.ts","statementMap":{"0":{"start":{"line":1,"column":0},"end":{"line":1,"column":null}},"1":{"start":{"line":2,"column":2},"end":{"line":2,"column":null}},"2":{"start":{"line":3,"column":2},"end":{"line":3,"column":null}},"3":{"start":{"line":4,"column":2},"end":{"line":4,"column":null}},"4":{"start":{"line":5,"column":2},"end":{"line":5,"column":null}},"5":{"start":{"line":6,"column":2},"end":{"line":6,"column":null}},"6":{"start":{"line":7,"column":2},"end":{"line":7,"column":null}}},"fnMap":{"0":{"name":"(anonymous_0)","decl":{"start":{"line":1,"column":0},"end":{"line":1,"column":12}},"loc":{"start":{"line":1,"column":24},"end":{"line":8,"column":1}}}},"branchMap":{"0":{"loc":{"start":{"line":1,"column":12},"end":{"line":1,"column":null}},"type":"binary-expr","locations":[{"start":{"line":1,"column":12},"end":{"line":1,"column":24}},{"start":{"line":1,"column":12},"end":{"line":1,"column":null}}]}},"s":{"0":0,"1":0,"2":0,"3":0,"4":0,"5":0,"6":0},"f":{"0":0},"b":{"0":[0,0]}}
,"/Users/romulo.bordezani/workspace/swapi-client/packages/host/src/services/swapi/types/index.ts": {"path":"/Users/romulo.bordezani/workspace/swapi-client/packages/host/src/services/swapi/types/index.ts","statementMap":{"0":{"start":{"line":1,"column":0},"end":{"line":1,"column":23}},"1":{"start":{"line":2,"column":0},"end":{"line":2,"column":25}},"2":{"start":{"line":3,"column":0},"end":{"line":3,"column":25}},"3":{"start":{"line":4,"column":0},"end":{"line":4,"column":26}},"4":{"start":{"line":5,"column":0},"end":{"line":5,"column":27}},"5":{"start":{"line":6,"column":0},"end":{"line":6,"column":26}},"6":{"start":{"line":7,"column":0},"end":{"line":7,"column":36}},"7":{"start":{"line":8,"column":0},"end":{"line":8,"column":31}},"8":{"start":{"line":9,"column":0},"end":{"line":9,"column":31}}},"fnMap":{},"branchMap":{},"s":{"0":0,"1":0,"2":0,"3":0,"4":0,"5":0,"6":0,"7":0,"8":0},"f":{},"b":{}}
}
